Qflow DRC logfile created on Saturday 07 October 2023 04:41:43 PM IST
magic -dnull -noconsole  /home/khaja/Desktop/verilog/qflow/dca/dca1/dca/layout/run_drc_alarm_clock_top.tcl

Magic 8.3 revision 105 - Compiled on Mon, 06 Dec 2021 22:32:27 +0200.
Starting magic under Tcl interpreter
Using the terminal as the console.
Using NULL graphics device.
Processing system .magicrc file
Input style lambda=0.10(p): scaleFactor=10, multiplier=1
Contact size value ignored (using GDS generation rules).
Contact size value ignored (using GDS generation rules).
Contact size value ignored (using GDS generation rules).
Contact size value ignored (using GDS generation rules).
Contact size value ignored (using GDS generation rules).
Contact size value ignored (using GDS generation rules).
Loading "/home/khaja/Desktop/verilog/qflow/dca/dca1/dca/layout/run_drc_alarm_clock_top.tcl" from command line.
Reading LEF data from file /usr/share/qflow/tech/osu018/osu018_stdcells.lef.
This action cannot be undone.
LEF read, Line 16 (Message): Unknown keyword "OBS" in LEF file; ignoring.
LEF read, Line 17 (Message): Unknown keyword "PIN" in LEF file; ignoring.
LEF read: Processed 2941 lines.
Processing timestamp mismatches: FILL, INVX1, BUFX2, DFFPOSX1, NOR2X1, MUX2X1, AND2X2, OAI21X1, AOI21X1, NAND2X1, CLKBUF1, BUFX4, INVX2, XNOR2X1, OR2X2, NAND3X1, INVX4, NOR3X1, OAI22X1, XOR2X1, INVX8, AOI22X1.
drc = 0
DRC checking script ended on Saturday 07 October 2023 04:41:44 PM IST
