Qflow gdsii logfile created on Saturday 07 October 2023 04:43:54 PM IST
magic -dnull -noconsole  /home/khaja/Desktop/verilog/qflow/dca/dca1/dca/layout/generate_gds_alarm_clock_top.tcl

Magic 8.3 revision 105 - Compiled on Mon, 06 Dec 2021 22:32:27 +0200.
Starting magic under Tcl interpreter
Using the terminal as the console.
Using NULL graphics device.
Processing system .magicrc file
Input style lambda=0.10(p): scaleFactor=10, multiplier=1
Contact size value ignored (using GDS generation rules).
Contact size value ignored (using GDS generation rules).
Contact size value ignored (using GDS generation rules).
Contact size value ignored (using GDS generation rules).
Contact size value ignored (using GDS generation rules).
Contact size value ignored (using GDS generation rules).
Loading "/home/khaja/Desktop/verilog/qflow/dca/dca1/dca/layout/generate_gds_alarm_clock_top.tcl" from command line.
Root cell box:
           width x height  (   llx,  lly  ), (   urx,  ury  )

microns:    0.00 x 0.00    (  0.00,  0.00 ), (  0.00,  0.00 )
lambda:        0 x 0       (     0,  0    ), (     0,  0    )
Cannot open /usr/share/qflow/tech/osu018/osu018_stdcells.gds2.gds, /usr/share/qflow/tech/osu018/osu018_stdcells.gds2.strm or /usr/share/qflow/tech/osu018/osu018_stdcells.gds2 to read GDS-II stream input.
Cell INVX1 couldn't be read
Cell INVX1 is unavailable.  It could not be expanded.
Cell OAI21X1 couldn't be read
Cell OAI21X1 is unavailable.  It could not be expanded.
Cell NOR2X1 couldn't be read
Cell NOR2X1 is unavailable.  It could not be expanded.
Cell NOR3X1 couldn't be read
Cell NOR3X1 is unavailable.  It could not be expanded.
Cell BUFX2 couldn't be read
Cell BUFX2 is unavailable.  It could not be expanded.
Cell DFFPOSX1 couldn't be read
Cell DFFPOSX1 is unavailable.  It could not be expanded.
Cell NOR2X1 is unavailable.  It could not be expanded.
Cell NAND2X1 couldn't be read
Cell NAND2X1 is unavailable.  It could not be expanded.
Cell OAI21X1 is unavailable.  It could not be expanded.
Cell NOR2X1 is unavailable.  It could not be expanded.
Cell DFFPOSX1 is unavailable.  It could not be expanded.
Cell INVX2 couldn't be read
Cell INVX2 is unavailable.  It could not be expanded.
Cell NOR2X1 is unavailable.  It could not be expanded.
Cell NOR3X1 is unavailable.  It could not be expanded.
Cell NOR2X1 is unavailable.  It could not be expanded.
Cell AOI21X1 couldn't be read
Cell AOI21X1 is unavailable.  It could not be expanded.
Cell NAND2X1 is unavailable.  It could not be expanded.
Cell NAND2X1 is unavailable.  It could not be expanded.
Cell DFFPOSX1 is unavailable.  It could not be expanded.
Cell NOR2X1 is unavailable.  It could not be expanded.
Cell DFFPOSX1 is unavailable.  It could not be expanded.
Cell FILL couldn't be read
Cell FILL is unavailable.  It could not be expanded.
Cell FILL is unavailable.  It could not be expanded.
Cell OAI21X1 is unavailable.  It could not be expanded.
Cell NOR2X1 is unavailable.  It could not be expanded.
Cell FILL is unavailable.  It could not be expanded.
Cell FILL is unavailable.  It could not be expanded.
Cell AND2X2 couldn't be read
Cell AND2X2 is unavailable.  It could not be expanded.
Cell DFFPOSX1 is unavailable.  It could not be expanded.
Cell INVX1 is unavailable.  It could not be expanded.
Cell OAI21X1 is unavailable.  It could not be expanded.
Cell BUFX2 is unavailable.  It could not be expanded.
Cell AOI21X1 is unavailable.  It could not be expanded.
Cell CLKBUF1 couldn't be read
Cell CLKBUF1 is unavailable.  It could not be expanded.
Cell NAND2X1 is unavailable.  It could not be expanded.
Cell DFFPOSX1 is unavailable.  It could not be expanded.
Cell DFFPOSX1 is unavailable.  It could not be expanded.
Cell INVX1 is unavailable.  It could not be expanded.
Cell AOI21X1 is unavailable.  It could not be expanded.
Cell OR2X2 couldn't be read
Cell OR2X2 is unavailable.  It could not be expanded.
Cell AND2X2 is unavailable.  It could not be expanded.
Cell NAND2X1 is unavailable.  It could not be expanded.
Cell INVX1 is unavailable.  It could not be expanded.
Cell NAND3X1 couldn't be read
Cell NAND3X1 is unavailable.  It could not be expanded.
Cell NAND2X1 is unavailable.  It could not be expanded.
Cell DFFPOSX1 is unavailable.  It could not be expanded.
Cell NOR2X1 is unavailable.  It could not be expanded.
Cell INVX1 is unavailable.  It could not be expanded.
Cell AOI21X1 is unavailable.  It could not be expanded.
Cell OAI21X1 is unavailable.  It could not be expanded.
Cell FILL is unavailable.  It could not be expanded.
Cell FILL is unavailable.  It could not be expanded.
Cell NOR2X1 is unavailable.  It could not be expanded.
Cell NOR2X1 is unavailable.  It could not be expanded.
Cell BUFX2 is unavailable.  It could not be expanded.
Cell FILL is unavailable.  It could not be expanded.
Cell FILL is unavailable.  It could not be expanded.
Cell NOR3X1 is unavailable.  It could not be expanded.
Cell NAND2X1 is unavailable.  It could not be expanded.
Cell AND2X2 is unavailable.  It could not be expanded.
Cell DFFPOSX1 is unavailable.  It could not be expanded.
Cell NAND2X1 is unavailable.  It could not be expanded.
Cell OAI21X1 is unavailable.  It could not be expanded.
Cell NOR2X1 is unavailable.  It could not be expanded.
Cell NAND2X1 is unavailable.  It could not be expanded.
Cell NOR2X1 is unavailable.  It could not be expanded.
Cell AOI21X1 is unavailable.  It could not be expanded.
Cell INVX2 is unavailable.  It could not be expanded.
Cell NOR2X1 is unavailable.  It could not be expanded.
Cell INVX1 is unavailable.  It could not be expanded.
Cell DFFPOSX1 is unavailable.  It could not be expanded.
Cell OAI21X1 is unavailable.  It could not be expanded.
Cell NAND2X1 is unavailable.  It could not be expanded.
Cell DFFPOSX1 is unavailable.  It could not be expanded.
Cell NOR2X1 is unavailable.  It could not be expanded.
Cell AND2X2 is unavailable.  It could not be expanded.
Cell DFFPOSX1 is unavailable.  It could not be expanded.
Cell OAI21X1 is unavailable.  It could not be expanded.
Cell OAI21X1 is unavailable.  It could not be expanded.
Cell AOI21X1 is unavailable.  It could not be expanded.
Cell FILL is unavailable.  It could not be expanded.
Cell FILL is unavailable.  It could not be expanded.
Cell DFFPOSX1 is unavailable.  It could not be expanded.
Cell DFFPOSX1 is unavailable.  It could not be expanded.
Cell FILL is unavailable.  It could not be expanded.
Cell FILL is unavailable.  It could not be expanded.
Cell INVX2 is unavailable.  It could not be expanded.
Cell OR2X2 is unavailable.  It could not be expanded.
Cell DFFPOSX1 is unavailable.  It could not be expanded.
Cell NOR2X1 is unavailable.  It could not be expanded.
Cell BUFX2 is unavailable.  It could not be expanded.
Cell OAI21X1 is unavailable.  It could not be expanded.
Cell NOR2X1 is unavailable.  It could not be expanded.
Cell NAND2X1 is unavailable.  It could not be expanded.
Cell AOI21X1 is unavailable.  It could not be expanded.
Cell DFFPOSX1 is unavailable.  It could not be expanded.
Cell NOR2X1 is unavailable.  It could not be expanded.
Cell INVX2 is unavailable.  It could not be expanded.
Cell NAND2X1 is unavailable.  It could not be expanded.
Cell OAI21X1 is unavailable.  It could not be expanded.
Cell NOR2X1 is unavailable.  It could not be expanded.
Cell DFFPOSX1 is unavailable.  It could not be expanded.
Cell INVX1 is unavailable.  It could not be expanded.
Cell DFFPOSX1 is unavailable.  It could not be expanded.
Cell FILL is unavailable.  It could not be expanded.
Cell FILL is unavailable.  It could not be expanded.
Cell FILL is unavailable.  It could not be expanded.
Cell OR2X2 is unavailable.  It could not be expanded.
Cell OR2X2 is unavailable.  It could not be expanded.
Cell INVX1 is unavailable.  It could not be expanded.
Cell DFFPOSX1 is unavailable.  It could not be expanded.
Cell DFFPOSX1 is unavailable.  It could not be expanded.
Cell DFFPOSX1 is unavailable.  It could not be expanded.
Cell NOR2X1 is unavailable.  It could not be expanded.
Cell DFFPOSX1 is unavailable.  It could not be expanded.
Cell FILL is unavailable.  It could not be expanded.
Cell FILL is unavailable.  It could not be expanded.
Cell AND2X2 is unavailable.  It could not be expanded.
Cell DFFPOSX1 is unavailable.  It could not be expanded.
Cell BUFX2 is unavailable.  It could not be expanded.
Cell OR2X2 is unavailable.  It could not be expanded.
Cell NOR2X1 is unavailable.  It could not be expanded.
Cell INVX1 is unavailable.  It could not be expanded.
Cell NAND3X1 is unavailable.  It could not be expanded.
Cell INVX2 is unavailable.  It could not be expanded.
Cell DFFPOSX1 is unavailable.  It could not be expanded.
Cell DFFPOSX1 is unavailable.  It could not be expanded.
Cell FILL is unavailable.  It could not be expanded.
Cell FILL is unavailable.  It could not be expanded.
Cell AND2X2 is unavailable.  It could not be expanded.
Cell DFFPOSX1 is unavailable.  It could not be expanded.
Cell DFFPOSX1 is unavailable.  It could not be expanded.
Cell INVX1 is unavailable.  It could not be expanded.
Cell CLKBUF1 is unavailable.  It could not be expanded.
Cell INVX1 is unavailable.  It could not be expanded.
Cell NOR2X1 is unavailable.  It could not be expanded.
Cell DFFPOSX1 is unavailable.  It could not be expanded.
Cell FILL is unavailable.  It could not be expanded.
Cell FILL is unavailable.  It could not be expanded.
Cell DFFPOSX1 is unavailable.  It could not be expanded.
Cell DFFPOSX1 is unavailable.  It could not be expanded.
Cell OAI21X1 is unavailable.  It could not be expanded.
Cell DFFPOSX1 is unavailable.  It could not be expanded.
Cell NOR2X1 is unavailable.  It could not be expanded.
Cell DFFPOSX1 is unavailable.  It could not be expanded.
Cell BUFX2 is unavailable.  It could not be expanded.
Cell BUFX2 is unavailable.  It could not be expanded.
Cell FILL is unavailable.  It could not be expanded.
Cell FILL is unavailable.  It could not be expanded.
Cell DFFPOSX1 is unavailable.  It could not be expanded.
Cell DFFPOSX1 is unavailable.  It could not be expanded.
Cell DFFPOSX1 is unavailable.  It could not be expanded.
Cell DFFPOSX1 is unavailable.  It could not be expanded.
Cell AND2X2 is unavailable.  It could not be expanded.
Cell OAI22X1 couldn't be read
Cell OAI22X1 is unavailable.  It could not be expanded.
Cell FILL is unavailable.  It could not be expanded.
Cell FILL is unavailable.  It could not be expanded.
Cell AND2X2 is unavailable.  It could not be expanded.
Cell NOR2X1 is unavailable.  It could not be expanded.
Cell DFFPOSX1 is unavailable.  It could not be expanded.
Cell OR2X2 is unavailable.  It could not be expanded.
Cell INVX1 is unavailable.  It could not be expanded.
Cell NOR2X1 is unavailable.  It could not be expanded.
Cell NAND2X1 is unavailable.  It could not be expanded.
Cell AND2X2 is unavailable.  It could not be expanded.
Cell NOR2X1 is unavailable.  It could not be expanded.
Cell INVX1 is unavailable.  It could not be expanded.
Cell DFFPOSX1 is unavailable.  It could not be expanded.
Cell DFFPOSX1 is unavailable.  It could not be expanded.
Cell FILL is unavailable.  It could not be expanded.
Cell FILL is unavailable.  It could not be expanded.
Cell AND2X2 is unavailable.  It could not be expanded.
Cell NOR3X1 is unavailable.  It could not be expanded.
Cell NOR2X1 is unavailable.  It could not be expanded.
Cell DFFPOSX1 is unavailable.  It could not be expanded.
Cell NOR2X1 is unavailable.  It could not be expanded.
Cell DFFPOSX1 is unavailable.  It could not be expanded.
Cell BUFX2 is unavailable.  It could not be expanded.
Cell BUFX2 is unavailable.  It could not be expanded.
Cell CLKBUF1 is unavailable.  It could not be expanded.
Cell FILL is unavailable.  It could not be expanded.
Cell FILL is unavailable.  It could not be expanded.
Cell DFFPOSX1 is unavailable.  It could not be expanded.
Cell DFFPOSX1 is unavailable.  It could not be expanded.
Cell AOI21X1 is unavailable.  It could not be expanded.
Cell DFFPOSX1 is unavailable.  It could not be expanded.
Cell DFFPOSX1 is unavailable.  It could not be expanded.
Cell BUFX2 is unavailable.  It could not be expanded.
Cell BUFX2 is unavailable.  It could not be expanded.
Cell FILL is unavailable.  It could not be expanded.
Cell FILL is unavailable.  It could not be expanded.
Cell BUFX2 is unavailable.  It could not be expanded.
Cell DFFPOSX1 is unavailable.  It could not be expanded.
Cell NOR2X1 is unavailable.  It could not be expanded.
Cell DFFPOSX1 is unavailable.  It could not be expanded.
Cell DFFPOSX1 is unavailable.  It could not be expanded.
Cell NOR3X1 is unavailable.  It could not be expanded.
Cell XOR2X1 couldn't be read
Cell XOR2X1 is unavailable.  It could not be expanded.
Cell FILL is unavailable.  It could not be expanded.
Cell FILL is unavailable.  It could not be expanded.
Cell DFFPOSX1 is unavailable.  It could not be expanded.
Cell CLKBUF1 is unavailable.  It could not be expanded.
Cell BUFX2 is unavailable.  It could not be expanded.
Cell INVX1 is unavailable.  It could not be expanded.
Cell DFFPOSX1 is unavailable.  It could not be expanded.
Cell OAI21X1 is unavailable.  It could not be expanded.
Cell NAND2X1 is unavailable.  It could not be expanded.
Cell NOR2X1 is unavailable.  It could not be expanded.
Cell INVX2 is unavailable.  It could not be expanded.
Cell NOR2X1 is unavailable.  It could not be expanded.
Cell NAND2X1 is unavailable.  It could not be expanded.
Cell INVX2 is unavailable.  It could not be expanded.
Cell FILL is unavailable.  It could not be expanded.
Cell FILL is unavailable.  It could not be expanded.
Cell NOR3X1 is unavailable.  It could not be expanded.
Cell INVX1 is unavailable.  It could not be expanded.
Cell BUFX2 is unavailable.  It could not be expanded.
Cell NOR3X1 is unavailable.  It could not be expanded.
Cell AOI22X1 couldn't be read
Cell AOI22X1 is unavailable.  It could not be expanded.
Cell AOI21X1 is unavailable.  It could not be expanded.
Cell DFFPOSX1 is unavailable.  It could not be expanded.
Cell DFFPOSX1 is unavailable.  It could not be expanded.
Cell DFFPOSX1 is unavailable.  It could not be expanded.
Cell FILL is unavailable.  It could not be expanded.
Cell FILL is unavailable.  It could not be expanded.
Cell NOR2X1 is unavailable.  It could not be expanded.
Cell NOR2X1 is unavailable.  It could not be expanded.
Cell NAND3X1 is unavailable.  It could not be expanded.
Cell DFFPOSX1 is unavailable.  It could not be expanded.
Cell NAND2X1 is unavailable.  It could not be expanded.
Cell NOR2X1 is unavailable.  It could not be expanded.
Cell DFFPOSX1 is unavailable.  It could not be expanded.
Cell DFFPOSX1 is unavailable.  It could not be expanded.
Cell BUFX2 is unavailable.  It could not be expanded.
Cell FILL is unavailable.  It could not be expanded.
Cell FILL is unavailable.  It could not be expanded.
Cell CLKBUF1 is unavailable.  It could not be expanded.
Cell NOR2X1 is unavailable.  It could not be expanded.
Cell MUX2X1 couldn't be read
Cell MUX2X1 is unavailable.  It could not be expanded.
Cell NAND2X1 is unavailable.  It could not be expanded.
Cell BUFX4 couldn't be read
Cell BUFX4 is unavailable.  It could not be expanded.
Cell NOR2X1 is unavailable.  It could not be expanded.
Cell MUX2X1 is unavailable.  It could not be expanded.
Cell NAND2X1 is unavailable.  It could not be expanded.
Cell XOR2X1 is unavailable.  It could not be expanded.
Cell INVX1 is unavailable.  It could not be expanded.
Cell OAI21X1 is unavailable.  It could not be expanded.
Cell NAND2X1 is unavailable.  It could not be expanded.
Cell INVX1 is unavailable.  It could not be expanded.
Cell FILL is unavailable.  It could not be expanded.
Cell FILL is unavailable.  It could not be expanded.
Cell OAI21X1 is unavailable.  It could not be expanded.
Cell NAND2X1 is unavailable.  It could not be expanded.
Cell DFFPOSX1 is unavailable.  It could not be expanded.
Cell DFFPOSX1 is unavailable.  It could not be expanded.
Cell NOR2X1 is unavailable.  It could not be expanded.
Cell NOR2X1 is unavailable.  It could not be expanded.
Cell MUX2X1 is unavailable.  It could not be expanded.
Cell AOI22X1 is unavailable.  It could not be expanded.
Cell AOI21X1 is unavailable.  It could not be expanded.
Cell NOR2X1 is unavailable.  It could not be expanded.
Cell NAND2X1 is unavailable.  It could not be expanded.
Cell INVX1 is unavailable.  It could not be expanded.
Cell FILL is unavailable.  It could not be expanded.
Cell FILL is unavailable.  It could not be expanded.
Cell NOR3X1 is unavailable.  It could not be expanded.
Cell AOI22X1 is unavailable.  It could not be expanded.
Cell NOR2X1 is unavailable.  It could not be expanded.
Cell AND2X2 is unavailable.  It could not be expanded.
Cell AOI22X1 is unavailable.  It could not be expanded.
Cell OR2X2 is unavailable.  It could not be expanded.
Cell AOI21X1 is unavailable.  It could not be expanded.
Cell BUFX2 is unavailable.  It could not be expanded.
Cell DFFPOSX1 is unavailable.  It could not be expanded.
Cell AOI21X1 is unavailable.  It could not be expanded.
Cell AOI21X1 is unavailable.  It could not be expanded.
Cell INVX1 is unavailable.  It could not be expanded.
Cell NAND2X1 is unavailable.  It could not be expanded.
Cell AOI21X1 is unavailable.  It could not be expanded.
Cell FILL is unavailable.  It could not be expanded.
Cell FILL is unavailable.  It could not be expanded.
Cell OAI21X1 is unavailable.  It could not be expanded.
Cell INVX2 is unavailable.  It could not be expanded.
Cell XNOR2X1 couldn't be read
Cell XNOR2X1 is unavailable.  It could not be expanded.
Cell NOR2X1 is unavailable.  It could not be expanded.
Cell NAND3X1 is unavailable.  It could not be expanded.
Cell NAND2X1 is unavailable.  It could not be expanded.
Cell NOR2X1 is unavailable.  It could not be expanded.
Cell NAND3X1 is unavailable.  It could not be expanded.
Cell INVX1 is unavailable.  It could not be expanded.
Cell OAI21X1 is unavailable.  It could not be expanded.
Cell NOR2X1 is unavailable.  It could not be expanded.
Cell OAI21X1 is unavailable.  It could not be expanded.
Cell DFFPOSX1 is unavailable.  It could not be expanded.
Cell INVX1 is unavailable.  It could not be expanded.
Cell FILL is unavailable.  It could not be expanded.
Cell BUFX2 is unavailable.  It could not be expanded.
Cell CLKBUF1 is unavailable.  It could not be expanded.
Cell DFFPOSX1 is unavailable.  It could not be expanded.
Cell OAI21X1 is unavailable.  It could not be expanded.
Cell INVX1 is unavailable.  It could not be expanded.
Cell DFFPOSX1 is unavailable.  It could not be expanded.
Cell OAI21X1 is unavailable.  It could not be expanded.
Cell INVX1 is unavailable.  It could not be expanded.
Cell DFFPOSX1 is unavailable.  It could not be expanded.
Cell FILL is unavailable.  It could not be expanded.
Cell FILL is unavailable.  It could not be expanded.
Cell INVX1 is unavailable.  It could not be expanded.
Cell NAND2X1 is unavailable.  It could not be expanded.
Cell AOI21X1 is unavailable.  It could not be expanded.
Cell OAI21X1 is unavailable.  It could not be expanded.
Cell NOR2X1 is unavailable.  It could not be expanded.
Cell DFFPOSX1 is unavailable.  It could not be expanded.
Cell MUX2X1 is unavailable.  It could not be expanded.
Cell DFFPOSX1 is unavailable.  It could not be expanded.
Cell NOR2X1 is unavailable.  It could not be expanded.
Cell DFFPOSX1 is unavailable.  It could not be expanded.
Cell FILL is unavailable.  It could not be expanded.
Cell FILL is unavailable.  It could not be expanded.
Cell DFFPOSX1 is unavailable.  It could not be expanded.
Cell INVX1 is unavailable.  It could not be expanded.
Cell NOR2X1 is unavailable.  It could not be expanded.
Cell DFFPOSX1 is unavailable.  It could not be expanded.
Cell CLKBUF1 is unavailable.  It could not be expanded.
Cell DFFPOSX1 is unavailable.  It could not be expanded.
Cell CLKBUF1 is unavailable.  It could not be expanded.
Cell FILL is unavailable.  It could not be expanded.
Cell FILL is unavailable.  It could not be expanded.
Cell BUFX2 is unavailable.  It could not be expanded.
Cell AND2X2 is unavailable.  It could not be expanded.
Cell BUFX2 is unavailable.  It could not be expanded.
Cell AND2X2 is unavailable.  It could not be expanded.
Cell NAND2X1 is unavailable.  It could not be expanded.
Cell NAND3X1 is unavailable.  It could not be expanded.
Cell INVX2 is unavailable.  It could not be expanded.
Cell NAND2X1 is unavailable.  It could not be expanded.
Cell INVX2 is unavailable.  It could not be expanded.
Cell NOR2X1 is unavailable.  It could not be expanded.
Cell OAI21X1 is unavailable.  It could not be expanded.
Cell NOR2X1 is unavailable.  It could not be expanded.
Cell DFFPOSX1 is unavailable.  It could not be expanded.
Cell BUFX2 is unavailable.  It could not be expanded.
Cell BUFX2 is unavailable.  It could not be expanded.
Cell FILL is unavailable.  It could not be expanded.
Cell FILL is unavailable.  It could not be expanded.
Cell CLKBUF1 is unavailable.  It could not be expanded.
Cell NOR2X1 is unavailable.  It could not be expanded.
Cell DFFPOSX1 is unavailable.  It could not be expanded.
Cell DFFPOSX1 is unavailable.  It could not be expanded.
Cell NOR2X1 is unavailable.  It could not be expanded.
Cell DFFPOSX1 is unavailable.  It could not be expanded.
Cell NOR2X1 is unavailable.  It could not be expanded.
Cell NAND2X1 is unavailable.  It could not be expanded.
Cell FILL is unavailable.  It could not be expanded.
Cell FILL is unavailable.  It could not be expanded.
Cell NOR2X1 is unavailable.  It could not be expanded.
Cell INVX1 is unavailable.  It could not be expanded.
Cell NAND2X1 is unavailable.  It could not be expanded.
Cell OAI21X1 is unavailable.  It could not be expanded.
Cell OR2X2 is unavailable.  It could not be expanded.
Cell AOI21X1 is unavailable.  It could not be expanded.
Cell NAND3X1 is unavailable.  It could not be expanded.
Cell DFFPOSX1 is unavailable.  It could not be expanded.
Cell AOI21X1 is unavailable.  It could not be expanded.
Cell OAI21X1 is unavailable.  It could not be expanded.
Cell OAI21X1 is unavailable.  It could not be expanded.
Cell OAI21X1 is unavailable.  It could not be expanded.
Cell BUFX4 is unavailable.  It could not be expanded.
Cell MUX2X1 is unavailable.  It could not be expanded.
Cell FILL is unavailable.  It could not be expanded.
Cell FILL is unavailable.  It could not be expanded.
Cell BUFX4 is unavailable.  It could not be expanded.
Cell INVX8 couldn't be read
Cell INVX8 is unavailable.  It could not be expanded.
Cell DFFPOSX1 is unavailable.  It could not be expanded.
Cell DFFPOSX1 is unavailable.  It could not be expanded.
Cell NOR2X1 is unavailable.  It could not be expanded.
Cell CLKBUF1 is unavailable.  It could not be expanded.
Cell INVX8 is unavailable.  It could not be expanded.
Cell DFFPOSX1 is unavailable.  It could not be expanded.
Cell FILL is unavailable.  It could not be expanded.
Cell FILL is unavailable.  It could not be expanded.
Cell BUFX2 is unavailable.  It could not be expanded.
Cell INVX1 is unavailable.  It could not be expanded.
Cell DFFPOSX1 is unavailable.  It could not be expanded.
Cell NOR2X1 is unavailable.  It could not be expanded.
Cell NAND2X1 is unavailable.  It could not be expanded.
Cell INVX1 is unavailable.  It could not be expanded.
Cell OAI21X1 is unavailable.  It could not be expanded.
Cell INVX1 is unavailable.  It could not be expanded.
Cell NOR2X1 is unavailable.  It could not be expanded.
Cell AOI21X1 is unavailable.  It could not be expanded.
Cell NAND2X1 is unavailable.  It could not be expanded.
Cell INVX1 is unavailable.  It could not be expanded.
Cell DFFPOSX1 is unavailable.  It could not be expanded.
Cell FILL is unavailable.  It could not be expanded.
Cell FILL is unavailable.  It could not be expanded.
Cell NAND2X1 is unavailable.  It could not be expanded.
Cell MUX2X1 is unavailable.  It could not be expanded.
Cell MUX2X1 is unavailable.  It could not be expanded.
Cell DFFPOSX1 is unavailable.  It could not be expanded.
Cell BUFX4 is unavailable.  It could not be expanded.
Cell BUFX4 is unavailable.  It could not be expanded.
Cell INVX2 is unavailable.  It could not be expanded.
Cell NOR2X1 is unavailable.  It could not be expanded.
Cell NAND2X1 is unavailable.  It could not be expanded.
Cell INVX1 is unavailable.  It could not be expanded.
Cell NAND2X1 is unavailable.  It could not be expanded.
Cell NAND2X1 is unavailable.  It could not be expanded.
Cell OAI21X1 is unavailable.  It could not be expanded.
Cell NOR2X1 is unavailable.  It could not be expanded.
Cell FILL is unavailable.  It could not be expanded.
Cell FILL is unavailable.  It could not be expanded.
Cell XOR2X1 is unavailable.  It could not be expanded.
Cell OAI21X1 is unavailable.  It could not be expanded.
Cell INVX1 is unavailable.  It could not be expanded.
Cell NAND3X1 is unavailable.  It could not be expanded.
Cell DFFPOSX1 is unavailable.  It could not be expanded.
Cell NAND2X1 is unavailable.  It could not be expanded.
Cell DFFPOSX1 is unavailable.  It could not be expanded.
Cell BUFX4 is unavailable.  It could not be expanded.
Cell DFFPOSX1 is unavailable.  It could not be expanded.
Cell FILL is unavailable.  It could not be expanded.
Cell FILL is unavailable.  It could not be expanded.
Cell DFFPOSX1 is unavailable.  It could not be expanded.
Cell DFFPOSX1 is unavailable.  It could not be expanded.
Cell NOR2X1 is unavailable.  It could not be expanded.
Cell NAND2X1 is unavailable.  It could not be expanded.
Cell MUX2X1 is unavailable.  It could not be expanded.
Cell DFFPOSX1 is unavailable.  It could not be expanded.
Cell NOR2X1 is unavailable.  It could not be expanded.
Cell MUX2X1 is unavailable.  It could not be expanded.
Cell FILL is unavailable.  It could not be expanded.
Cell FILL is unavailable.  It could not be expanded.
Cell DFFPOSX1 is unavailable.  It could not be expanded.
Cell BUFX2 is unavailable.  It could not be expanded.
Cell OAI21X1 is unavailable.  It could not be expanded.
Cell NAND2X1 is unavailable.  It could not be expanded.
Cell NAND3X1 is unavailable.  It could not be expanded.
Cell NAND3X1 is unavailable.  It could not be expanded.
Cell NOR2X1 is unavailable.  It could not be expanded.
Cell INVX2 is unavailable.  It could not be expanded.
Cell OAI21X1 is unavailable.  It could not be expanded.
Cell NOR2X1 is unavailable.  It could not be expanded.
Cell NOR2X1 is unavailable.  It could not be expanded.
Cell XNOR2X1 is unavailable.  It could not be expanded.
Cell BUFX2 is unavailable.  It could not be expanded.
Cell BUFX2 is unavailable.  It could not be expanded.
Cell BUFX2 is unavailable.  It could not be expanded.
Cell FILL is unavailable.  It could not be expanded.
Cell FILL is unavailable.  It could not be expanded.
Cell BUFX2 is unavailable.  It could not be expanded.
Cell OAI21X1 is unavailable.  It could not be expanded.
Cell INVX1 is unavailable.  It could not be expanded.
Cell XOR2X1 is unavailable.  It could not be expanded.
Cell DFFPOSX1 is unavailable.  It could not be expanded.
Cell NOR3X1 is unavailable.  It could not be expanded.
Cell AOI21X1 is unavailable.  It could not be expanded.
Cell OAI21X1 is unavailable.  It could not be expanded.
Cell OAI21X1 is unavailable.  It could not be expanded.
Cell NOR2X1 is unavailable.  It could not be expanded.
Cell NAND2X1 is unavailable.  It could not be expanded.
Cell AOI21X1 is unavailable.  It could not be expanded.
Cell FILL is unavailable.  It could not be expanded.
Cell FILL is unavailable.  It could not be expanded.
Cell XNOR2X1 is unavailable.  It could not be expanded.
Cell NAND2X1 is unavailable.  It could not be expanded.
Cell NOR3X1 is unavailable.  It could not be expanded.
Cell XOR2X1 is unavailable.  It could not be expanded.
Cell INVX1 is unavailable.  It could not be expanded.
Cell OAI21X1 is unavailable.  It could not be expanded.
Cell MUX2X1 is unavailable.  It could not be expanded.
Cell NOR2X1 is unavailable.  It could not be expanded.
Cell MUX2X1 is unavailable.  It could not be expanded.
Cell NOR2X1 is unavailable.  It could not be expanded.
Cell DFFPOSX1 is unavailable.  It could not be expanded.
Cell FILL is unavailable.  It could not be expanded.
Cell FILL is unavailable.  It could not be expanded.
Cell CLKBUF1 is unavailable.  It could not be expanded.
Cell NOR2X1 is unavailable.  It could not be expanded.
Cell MUX2X1 is unavailable.  It could not be expanded.
Cell OAI21X1 is unavailable.  It could not be expanded.
Cell NAND2X1 is unavailable.  It could not be expanded.
Cell INVX1 is unavailable.  It could not be expanded.
Cell OAI21X1 is unavailable.  It could not be expanded.
Cell INVX1 is unavailable.  It could not be expanded.
Cell XOR2X1 is unavailable.  It could not be expanded.
Cell NOR3X1 is unavailable.  It could not be expanded.
Cell XOR2X1 is unavailable.  It could not be expanded.
Cell DFFPOSX1 is unavailable.  It could not be expanded.
Cell FILL is unavailable.  It could not be expanded.
Cell FILL is unavailable.  It could not be expanded.
Cell DFFPOSX1 is unavailable.  It could not be expanded.
Cell DFFPOSX1 is unavailable.  It could not be expanded.
Cell DFFPOSX1 is unavailable.  It could not be expanded.
Cell DFFPOSX1 is unavailable.  It could not be expanded.
Cell BUFX2 is unavailable.  It could not be expanded.
Cell FILL is unavailable.  It could not be expanded.
Cell NAND2X1 is unavailable.  It could not be expanded.
Cell OAI21X1 is unavailable.  It could not be expanded.
Cell INVX1 is unavailable.  It could not be expanded.
Cell AND2X2 is unavailable.  It could not be expanded.
Cell NOR2X1 is unavailable.  It could not be expanded.
Cell OAI22X1 is unavailable.  It could not be expanded.
Cell NAND2X1 is unavailable.  It could not be expanded.
Cell OAI21X1 is unavailable.  It could not be expanded.
Cell INVX1 is unavailable.  It could not be expanded.
Cell XOR2X1 is unavailable.  It could not be expanded.
Cell NAND2X1 is unavailable.  It could not be expanded.
Cell OAI21X1 is unavailable.  It could not be expanded.
Cell INVX1 is unavailable.  It could not be expanded.
Cell NAND2X1 is unavailable.  It could not be expanded.
Cell NAND3X1 is unavailable.  It could not be expanded.
Cell FILL is unavailable.  It could not be expanded.
Cell FILL is unavailable.  It could not be expanded.
Cell NOR3X1 is unavailable.  It could not be expanded.
Cell BUFX4 is unavailable.  It could not be expanded.
Cell MUX2X1 is unavailable.  It could not be expanded.
Cell NAND2X1 is unavailable.  It could not be expanded.
Cell OAI22X1 is unavailable.  It could not be expanded.
Cell NOR2X1 is unavailable.  It could not be expanded.
Cell AND2X2 is unavailable.  It could not be expanded.
Cell OAI21X1 is unavailable.  It could not be expanded.
Cell INVX1 is unavailable.  It could not be expanded.
Cell CLKBUF1 is unavailable.  It could not be expanded.
Cell DFFPOSX1 is unavailable.  It could not be expanded.
Cell FILL is unavailable.  It could not be expanded.
Cell FILL is unavailable.  It could not be expanded.
Cell DFFPOSX1 is unavailable.  It could not be expanded.
Cell DFFPOSX1 is unavailable.  It could not be expanded.
Cell NOR2X1 is unavailable.  It could not be expanded.
Cell CLKBUF1 is unavailable.  It could not be expanded.
Cell MUX2X1 is unavailable.  It could not be expanded.
Cell DFFPOSX1 is unavailable.  It could not be expanded.
Cell DFFPOSX1 is unavailable.  It could not be expanded.
Cell NAND2X1 is unavailable.  It could not be expanded.
Cell FILL is unavailable.  It could not be expanded.
Cell FILL is unavailable.  It could not be expanded.
Cell OAI21X1 is unavailable.  It could not be expanded.
Cell INVX1 is unavailable.  It could not be expanded.
Cell NOR2X1 is unavailable.  It could not be expanded.
Cell OAI22X1 is unavailable.  It could not be expanded.
Cell NOR2X1 is unavailable.  It could not be expanded.
Cell AND2X2 is unavailable.  It could not be expanded.
Cell MUX2X1 is unavailable.  It could not be expanded.
Cell NOR2X1 is unavailable.  It could not be expanded.
Cell CLKBUF1 is unavailable.  It could not be expanded.
Cell MUX2X1 is unavailable.  It could not be expanded.
Cell MUX2X1 is unavailable.  It could not be expanded.
Cell OR2X2 is unavailable.  It could not be expanded.
Cell FILL is unavailable.  It could not be expanded.
Cell DFFPOSX1 is unavailable.  It could not be expanded.
Cell NOR2X1 is unavailable.  It could not be expanded.
Cell AND2X2 is unavailable.  It could not be expanded.
Cell DFFPOSX1 is unavailable.  It could not be expanded.
Cell DFFPOSX1 is unavailable.  It could not be expanded.
Cell OAI21X1 is unavailable.  It could not be expanded.
Cell AOI21X1 is unavailable.  It could not be expanded.
Cell NOR2X1 is unavailable.  It could not be expanded.
Cell NAND3X1 is unavailable.  It could not be expanded.
Cell FILL is unavailable.  It could not be expanded.
Cell FILL is unavailable.  It could not be expanded.
Cell NAND3X1 is unavailable.  It could not be expanded.
Cell NAND3X1 is unavailable.  It could not be expanded.
Cell INVX1 is unavailable.  It could not be expanded.
Cell NAND2X1 is unavailable.  It could not be expanded.
Cell OAI21X1 is unavailable.  It could not be expanded.
Cell INVX1 is unavailable.  It could not be expanded.
Cell AND2X2 is unavailable.  It could not be expanded.
Cell NOR2X1 is unavailable.  It could not be expanded.
Cell DFFPOSX1 is unavailable.  It could not be expanded.
Cell INVX1 is unavailable.  It could not be expanded.
Cell OAI21X1 is unavailable.  It could not be expanded.
Cell NAND2X1 is unavailable.  It could not be expanded.
Cell MUX2X1 is unavailable.  It could not be expanded.
Cell NOR2X1 is unavailable.  It could not be expanded.
Cell FILL is unavailable.  It could not be expanded.
Cell FILL is unavailable.  It could not be expanded.
Cell DFFPOSX1 is unavailable.  It could not be expanded.
Cell DFFPOSX1 is unavailable.  It could not be expanded.
Cell DFFPOSX1 is unavailable.  It could not be expanded.
Cell NOR2X1 is unavailable.  It could not be expanded.
Cell MUX2X1 is unavailable.  It could not be expanded.
Cell NAND2X1 is unavailable.  It could not be expanded.
Cell NOR2X1 is unavailable.  It could not be expanded.
Cell NAND2X1 is unavailable.  It could not be expanded.
Cell OAI21X1 is unavailable.  It could not be expanded.
Cell INVX1 is unavailable.  It could not be expanded.
Cell INVX1 is unavailable.  It could not be expanded.
Cell FILL is unavailable.  It could not be expanded.
Cell FILL is unavailable.  It could not be expanded.
Cell DFFPOSX1 is unavailable.  It could not be expanded.
Cell AND2X2 is unavailable.  It could not be expanded.
Cell DFFPOSX1 is unavailable.  It could not be expanded.
Cell DFFPOSX1 is unavailable.  It could not be expanded.
Cell MUX2X1 is unavailable.  It could not be expanded.
Cell OAI21X1 is unavailable.  It could not be expanded.
Cell BUFX2 is unavailable.  It could not be expanded.
Cell AOI21X1 is unavailable.  It could not be expanded.
Cell BUFX2 is unavailable.  It could not be expanded.
Cell FILL is unavailable.  It could not be expanded.
Cell FILL is unavailable.  It could not be expanded.
Cell DFFPOSX1 is unavailable.  It could not be expanded.
Cell DFFPOSX1 is unavailable.  It could not be expanded.
Cell DFFPOSX1 is unavailable.  It could not be expanded.
Cell INVX2 is unavailable.  It could not be expanded.
Cell NAND2X1 is unavailable.  It could not be expanded.
Cell INVX1 is unavailable.  It could not be expanded.
Cell OAI21X1 is unavailable.  It could not be expanded.
Cell NOR2X1 is unavailable.  It could not be expanded.
Cell NAND3X1 is unavailable.  It could not be expanded.
Cell INVX1 is unavailable.  It could not be expanded.
Cell FILL is unavailable.  It could not be expanded.
Cell FILL is unavailable.  It could not be expanded.
Cell OAI21X1 is unavailable.  It could not be expanded.
Cell NOR2X1 is unavailable.  It could not be expanded.
Cell INVX1 is unavailable.  It could not be expanded.
Cell NAND3X1 is unavailable.  It could not be expanded.
Cell NOR2X1 is unavailable.  It could not be expanded.
Cell NAND2X1 is unavailable.  It could not be expanded.
Cell NAND2X1 is unavailable.  It could not be expanded.
Cell NAND3X1 is unavailable.  It could not be expanded.
Cell NOR2X1 is unavailable.  It could not be expanded.
Cell NOR3X1 is unavailable.  It could not be expanded.
Cell NOR2X1 is unavailable.  It could not be expanded.
Cell OAI21X1 is unavailable.  It could not be expanded.
Cell NAND2X1 is unavailable.  It could not be expanded.
Cell INVX4 couldn't be read
Cell INVX4 is unavailable.  It could not be expanded.
Cell NOR2X1 is unavailable.  It could not be expanded.
Cell INVX1 is unavailable.  It could not be expanded.
Cell DFFPOSX1 is unavailable.  It could not be expanded.
Cell FILL is unavailable.  It could not be expanded.
Cell FILL is unavailable.  It could not be expanded.
Cell CLKBUF1 is unavailable.  It could not be expanded.
Cell BUFX4 is unavailable.  It could not be expanded.
Cell MUX2X1 is unavailable.  It could not be expanded.
Cell INVX1 is unavailable.  It could not be expanded.
Cell BUFX4 is unavailable.  It could not be expanded.
Cell CLKBUF1 is unavailable.  It could not be expanded.
Cell BUFX4 is unavailable.  It could not be expanded.
Cell BUFX4 is unavailable.  It could not be expanded.
Cell INVX2 is unavailable.  It could not be expanded.
Cell OAI21X1 is unavailable.  It could not be expanded.
Cell AOI21X1 is unavailable.  It could not be expanded.
Cell NAND2X1 is unavailable.  It could not be expanded.
Cell NOR2X1 is unavailable.  It could not be expanded.
Cell FILL is unavailable.  It could not be expanded.
Cell FILL is unavailable.  It could not be expanded.
Cell NOR2X1 is unavailable.  It could not be expanded.
Cell AOI21X1 is unavailable.  It could not be expanded.
Cell NAND3X1 is unavailable.  It could not be expanded.
Cell NAND2X1 is unavailable.  It could not be expanded.
Cell NOR2X1 is unavailable.  It could not be expanded.
Cell OAI21X1 is unavailable.  It could not be expanded.
Cell XNOR2X1 is unavailable.  It could not be expanded.
Cell DFFPOSX1 is unavailable.  It could not be expanded.
Cell MUX2X1 is unavailable.  It could not be expanded.
Cell INVX1 is unavailable.  It could not be expanded.
Cell NOR2X1 is unavailable.  It could not be expanded.
Cell BUFX2 is unavailable.  It could not be expanded.
Cell NOR2X1 is unavailable.  It could not be expanded.
Cell DFFPOSX1 is unavailable.  It could not be expanded.
Cell DFFPOSX1 is unavailable.  It could not be expanded.
Cell NOR2X1 is unavailable.  It could not be expanded.
Cell MUX2X1 is unavailable.  It could not be expanded.
Cell BUFX2 is unavailable.  It could not be expanded.
Cell NOR2X1 is unavailable.  It could not be expanded.
Cell MUX2X1 is unavailable.  It could not be expanded.
Cell OAI21X1 is unavailable.  It could not be expanded.
Cell AOI21X1 is unavailable.  It could not be expanded.
Cell NAND3X1 is unavailable.  It could not be expanded.
Cell FILL is unavailable.  It could not be expanded.
Cell FILL is unavailable.  It could not be expanded.
Cell XNOR2X1 is unavailable.  It could not be expanded.
Cell BUFX4 is unavailable.  It could not be expanded.
Cell OAI21X1 is unavailable.  It could not be expanded.
Cell OAI21X1 is unavailable.  It could not be expanded.
Cell NAND3X1 is unavailable.  It could not be expanded.
Cell NAND3X1 is unavailable.  It could not be expanded.
Cell NAND2X1 is unavailable.  It could not be expanded.
Cell NAND3X1 is unavailable.  It could not be expanded.
Cell XNOR2X1 is unavailable.  It could not be expanded.
Cell MUX2X1 is unavailable.  It could not be expanded.
Cell AOI21X1 is unavailable.  It could not be expanded.
Cell OAI21X1 is unavailable.  It could not be expanded.
Cell MUX2X1 is unavailable.  It could not be expanded.
Cell FILL is unavailable.  It could not be expanded.
Cell FILL is unavailable.  It could not be expanded.
Cell BUFX4 is unavailable.  It could not be expanded.
Cell MUX2X1 is unavailable.  It could not be expanded.
Cell MUX2X1 is unavailable.  It could not be expanded.
Cell INVX1 is unavailable.  It could not be expanded.
Cell MUX2X1 is unavailable.  It could not be expanded.
Cell MUX2X1 is unavailable.  It could not be expanded.
Cell MUX2X1 is unavailable.  It could not be expanded.
Cell MUX2X1 is unavailable.  It could not be expanded.
Cell AOI21X1 is unavailable.  It could not be expanded.
Cell OAI21X1 is unavailable.  It could not be expanded.
Cell OR2X2 is unavailable.  It could not be expanded.
Cell NAND2X1 is unavailable.  It could not be expanded.
Cell NAND2X1 is unavailable.  It could not be expanded.
Cell OAI21X1 is unavailable.  It could not be expanded.
Cell FILL is unavailable.  It could not be expanded.
Cell FILL is unavailable.  It could not be expanded.
Cell INVX1 is unavailable.  It could not be expanded.
Cell OAI21X1 is unavailable.  It could not be expanded.
Cell INVX2 is unavailable.  It could not be expanded.
Cell AOI21X1 is unavailable.  It could not be expanded.
Cell OAI21X1 is unavailable.  It could not be expanded.
Cell OAI21X1 is unavailable.  It could not be expanded.
Cell AOI21X1 is unavailable.  It could not be expanded.
Cell DFFPOSX1 is unavailable.  It could not be expanded.
Cell DFFPOSX1 is unavailable.  It could not be expanded.
Cell BUFX2 is unavailable.  It could not be expanded.
Cell BUFX2 is unavailable.  It could not be expanded.
Cell FILL is unavailable.  It could not be expanded.
Cell FILL is unavailable.  It could not be expanded.
Cell DFFPOSX1 is unavailable.  It could not be expanded.
Cell NOR2X1 is unavailable.  It could not be expanded.
Cell MUX2X1 is unavailable.  It could not be expanded.
Cell DFFPOSX1 is unavailable.  It could not be expanded.
Cell DFFPOSX1 is unavailable.  It could not be expanded.
Cell OAI21X1 is unavailable.  It could not be expanded.
Cell AOI21X1 is unavailable.  It could not be expanded.
Cell INVX2 is unavailable.  It could not be expanded.
Cell FILL is unavailable.  It could not be expanded.
Cell FILL is unavailable.  It could not be expanded.
Cell XNOR2X1 is unavailable.  It could not be expanded.
Cell AOI21X1 is unavailable.  It could not be expanded.
Cell OAI21X1 is unavailable.  It could not be expanded.
Cell INVX2 is unavailable.  It could not be expanded.
Cell AOI21X1 is unavailable.  It could not be expanded.
Cell MUX2X1 is unavailable.  It could not be expanded.
Cell BUFX4 is unavailable.  It could not be expanded.
Cell OAI21X1 is unavailable.  It could not be expanded.
Cell DFFPOSX1 is unavailable.  It could not be expanded.
Cell NOR2X1 is unavailable.  It could not be expanded.
Cell AOI21X1 is unavailable.  It could not be expanded.
Cell OAI21X1 is unavailable.  It could not be expanded.
Cell MUX2X1 is unavailable.  It could not be expanded.
Cell FILL is unavailable.  It could not be expanded.
Cell FILL is unavailable.  It could not be expanded.
Cell MUX2X1 is unavailable.  It could not be expanded.
Cell DFFPOSX1 is unavailable.  It could not be expanded.
Cell DFFPOSX1 is unavailable.  It could not be expanded.
Cell NOR2X1 is unavailable.  It could not be expanded.
Cell CLKBUF1 is unavailable.  It could not be expanded.
Cell DFFPOSX1 is unavailable.  It could not be expanded.
Cell CLKBUF1 is unavailable.  It could not be expanded.
Cell FILL is unavailable.  It could not be expanded.
Cell FILL is unavailable.  It could not be expanded.
Cell DFFPOSX1 is unavailable.  It could not be expanded.
Cell NAND2X1 is unavailable.  It could not be expanded.
Cell MUX2X1 is unavailable.  It could not be expanded.
Cell NOR2X1 is unavailable.  It could not be expanded.
Cell NOR2X1 is unavailable.  It could not be expanded.
Cell DFFPOSX1 is unavailable.  It could not be expanded.
Cell DFFPOSX1 is unavailable.  It could not be expanded.
Cell BUFX2 is unavailable.  It could not be expanded.
Cell FILL is unavailable.  It could not be expanded.
Cell FILL is unavailable.  It could not be expanded.
Cell DFFPOSX1 is unavailable.  It could not be expanded.
Cell MUX2X1 is unavailable.  It could not be expanded.
Cell BUFX2 is unavailable.  It could not be expanded.
Cell BUFX2 is unavailable.  It could not be expanded.
Cell NOR2X1 is unavailable.  It could not be expanded.
Cell INVX1 is unavailable.  It could not be expanded.
Cell OAI21X1 is unavailable.  It could not be expanded.
Cell MUX2X1 is unavailable.  It could not be expanded.
Cell MUX2X1 is unavailable.  It could not be expanded.
Cell AOI21X1 is unavailable.  It could not be expanded.
Cell BUFX2 is unavailable.  It could not be expanded.
Cell NOR2X1 is unavailable.  It could not be expanded.
Cell BUFX2 is unavailable.  It could not be expanded.
Cell MUX2X1 is unavailable.  It could not be expanded.
Cell DFFPOSX1 is unavailable.  It could not be expanded.
Cell DFFPOSX1 is unavailable.  It could not be expanded.
Cell DFFPOSX1 is unavailable.  It could not be expanded.
Cell DFFPOSX1 is unavailable.  It could not be expanded.
Cell FILL is unavailable.  It could not be expanded.
Cell FILL is unavailable.  It could not be expanded.
Cell INVX1 is unavailable.  It could not be expanded.
Cell NOR2X1 is unavailable.  It could not be expanded.
Cell FILL is unavailable.  It could not be expanded.
Cell FILL is unavailable.  It could not be expanded.
Cell MUX2X1 is unavailable.  It could not be expanded.
Cell DFFPOSX1 is unavailable.  It could not be expanded.
Cell DFFPOSX1 is unavailable.  It could not be expanded.
Cell NOR2X1 is unavailable.  It could not be expanded.
Cell DFFPOSX1 is unavailable.  It could not be expanded.
Cell DFFPOSX1 is unavailable.  It could not be expanded.
Cell DFFPOSX1 is unavailable.  It could not be expanded.
Cell DFFPOSX1 is unavailable.  It could not be expanded.
Cell DFFPOSX1 is unavailable.  It could not be expanded.
Cell MUX2X1 is unavailable.  It could not be expanded.
Cell BUFX2 is unavailable.  It could not be expanded.
Cell NOR2X1 is unavailable.  It could not be expanded.
Cell BUFX2 is unavailable.  It could not be expanded.
Cell INVX1 is unavailable.  It could not be expanded.
Cell DFFPOSX1 is unavailable.  It could not be expanded.
Cell AOI21X1 is unavailable.  It could not be expanded.
Cell FILL is unavailable.  It could not be expanded.
Cell FILL is unavailable.  It could not be expanded.
Cell OAI21X1 is unavailable.  It could not be expanded.
Cell FILL is unavailable.  It could not be expanded.
Cell FILL is unavailable.  It could not be expanded.
Cell NOR2X1 is unavailable.  It could not be expanded.
Cell BUFX2 is unavailable.  It could not be expanded.
Cell BUFX2 is unavailable.  It could not be expanded.
Cell MUX2X1 is unavailable.  It could not be expanded.
Cell NOR2X1 is unavailable.  It could not be expanded.
Cell BUFX2 is unavailable.  It could not be expanded.
Cell DFFPOSX1 is unavailable.  It could not be expanded.
Cell BUFX2 is unavailable.  It could not be expanded.
Cell NOR2X1 is unavailable.  It could not be expanded.
Cell AOI21X1 is unavailable.  It could not be expanded.
Cell BUFX2 is unavailable.  It could not be expanded.
Cell BUFX2 is unavailable.  It could not be expanded.
Cell DFFPOSX1 is unavailable.  It could not be expanded.
Cell OAI21X1 is unavailable.  It could not be expanded.
Cell INVX1 is unavailable.  It could not be expanded.
Cell NOR2X1 is unavailable.  It could not be expanded.
Cell BUFX2 is unavailable.  It could not be expanded.
Cell BUFX2 is unavailable.  It could not be expanded.
Cell NOR2X1 is unavailable.  It could not be expanded.
Cell DFFPOSX1 is unavailable.  It could not be expanded.
Cell BUFX2 is unavailable.  It could not be expanded.
Cell DFFPOSX1 is unavailable.  It could not be expanded.
Cell MUX2X1 is unavailable.  It could not be expanded.
Cell FILL is unavailable.  It could not be expanded.
Cell FILL is unavailable.  It could not be expanded.
Cell NOR2X1 is unavailable.  It could not be expanded.
Cell NOR2X1 is unavailable.  It could not be expanded.
Cell FILL is unavailable.  It could not be expanded.
Cell FILL is unavailable.  It could not be expanded.
Cell MUX2X1 is unavailable.  It could not be expanded.
Cell DFFPOSX1 is unavailable.  It could not be expanded.
Cell DFFPOSX1 is unavailable.  It could not be expanded.
Cell AND2X2 is unavailable.  It could not be expanded.
Cell NOR2X1 is unavailable.  It could not be expanded.
Cell MUX2X1 is unavailable.  It could not be expanded.
Cell DFFPOSX1 is unavailable.  It could not be expanded.
Cell MUX2X1 is unavailable.  It could not be expanded.
Cell BUFX2 is unavailable.  It could not be expanded.
Cell NOR2X1 is unavailable.  It could not be expanded.
Cell BUFX2 is unavailable.  It could not be expanded.
Cell DFFPOSX1 is unavailable.  It could not be expanded.
Cell DFFPOSX1 is unavailable.  It could not be expanded.
Cell BUFX2 is unavailable.  It could not be expanded.
Cell BUFX2 is unavailable.  It could not be expanded.
Cell BUFX2 is unavailable.  It could not be expanded.
Cell BUFX2 is unavailable.  It could not be expanded.
Cell FILL is unavailable.  It could not be expanded.
Cell INVX1 is unavailable.  It could not be expanded.
Cell FILL is unavailable.  It could not be expanded.
Cell FILL is unavailable.  It could not be expanded.
   Writing cell alarm_clock_top
GDS generating script ended on Saturday 07 October 2023 04:43:55 PM IST
