Qflow route logfile created on Saturday 07 October 2023 04:30:21 PM IST
qrouter -noc  -s alarm_clock_top.cfg
Qrouter detail maze router version 1.4.71.T
Reading LEF data from file /usr/share/qflow/tech/osu018/osu018_stdcells.lef.
LEF Read, Line 191: NOTE:  Old format VIARULE ignored.
LEF Read, Line 192: NOTE:  Old format VIARULE ignored.
LEF Read, Line 196: NOTE:  Old format VIARULE ignored.
LEF Read, Line 197: NOTE:  Old format VIARULE ignored.
LEF Read, Line 207: NOTE:  Old format VIARULE ignored.
LEF Read, Line 208: NOTE:  Old format VIARULE ignored.
LEF Read, Line 212: NOTE:  Old format VIARULE ignored.
LEF Read, Line 213: NOTE:  Old format VIARULE ignored.
LEF Read, Line 223: NOTE:  Old format VIARULE ignored.
LEF Read, Line 224: NOTE:  Old format VIARULE ignored.
LEF Read, Line 228: NOTE:  Old format VIARULE ignored.
LEF Read, Line 229: NOTE:  Old format VIARULE ignored.
LEF Read, Line 239: NOTE:  Old format VIARULE ignored.
LEF Read, Line 240: NOTE:  Old format VIARULE ignored.
LEF Read, Line 244: NOTE:  Old format VIARULE ignored.
LEF Read, Line 245: NOTE:  Old format VIARULE ignored.
LEF Read, Line 255: NOTE:  Old format VIARULE ignored.
LEF Read, Line 256: NOTE:  Old format VIARULE ignored.
LEF Read, Line 260: NOTE:  Old format VIARULE ignored.
LEF Read, Line 261: NOTE:  Old format VIARULE ignored.
LEF file:  Defines site core (ignored)
LEF read: Processed 2941 lines.
LEF Read: encountered 0 errors and 20 warnings total.
Vertical route layer at non-minimum pitch 1.6.  Using smaller pitch 0.8, will route on 1-of-2 tracks for layer metal6.
Reading DEF data from file alarm_clock_top.def.
Diagnostic: Design name: "alarm_clock_top"
  Processed 5 vias total.
  Processed 855 subcell instances total.
  Processed 44 pins total.
  Processed 701 nets total (0 fixed).
  Processed 2 special nets total (2 fixed).
DEF read: Processed 4262 lines.
Output scale = microns / 100, precision 1
No antenna cell defined!
There are 701 nets in this design.
*** Running stage1 routing with defaults
Finished routing net gnd
Nets remaining: 700
Finished routing net alreg1.load_new_alarm
Nets remaining: 699
Finished routing net _92_
Nets remaining: 698
Finished routing net fsm1.shift
Nets remaining: 697
Finished routing net vdd
Nets remaining: 696
Finished routing net reset_bF$buf9
Nets remaining: 695
Finished routing net reset_bF$buf8
Nets remaining: 694
Finished routing net reset_bF$buf7
Nets remaining: 693
Finished routing net reset_bF$buf6
Nets remaining: 692
Finished routing net reset_bF$buf5
Nets remaining: 691
Finished routing net reset_bF$buf4
Nets remaining: 690
Finished routing net reset_bF$buf3
Nets remaining: 689
Finished routing net reset_bF$buf2
Nets remaining: 688
Finished routing net reset_bF$buf1
Nets remaining: 687
Finished routing net reset_bF$buf0
Nets remaining: 686
Finished routing net clock_bF$buf7
Nets remaining: 685
Finished routing net clock_bF$buf6
Nets remaining: 684
Finished routing net clock_bF$buf5
Nets remaining: 683
Finished routing net reset
Nets remaining: 682
Finished routing net _324_
Nets remaining: 681
Finished routing net clock_bF$buf4
Nets remaining: 680
Finished routing net clock_bF$buf3
Nets remaining: 679
Finished routing net clock_bF$buf2
Nets remaining: 678
Finished routing net clock_bF$buf1
Nets remaining: 677
Finished routing net clock_bF$buf0
Nets remaining: 676
Finished routing net clock
Nets remaining: 675
Finished routing net fsm1.pre_state[0]
Nets remaining: 674
Finished routing net fsm1._25__bF$buf4
Nets remaining: 673
Finished routing net fsm1._25__bF$buf3
Nets remaining: 672
Finished routing net fsm1._25__bF$buf2
Nets remaining: 671
Finished routing net _84__bF$buf4
Nets remaining: 670
Finished routing net _84__bF$buf3
Nets remaining: 669
Finished routing net fsm1.one_second
Nets remaining: 668
Finished routing net count1.current_time_ms_min[0]
Nets remaining: 667
Finished routing net count1.current_time_ls_min[0]
Nets remaining: 666
Finished routing net count1.current_time_ls_min[1]
Nets remaining: 665
Finished routing net _90_
Nets remaining: 664
Finished routing net count1.current_time_ms_min[1]
Nets remaining: 663
Finished routing net count1.current_time_ms_hr[1]
Nets remaining: 662
Finished routing net fsm1._22_
Nets remaining: 661
Finished routing net fsm1._25__bF$buf1
Nets remaining: 660
Finished routing net fsm1._25__bF$buf0
Nets remaining: 659
Finished routing net _84__bF$buf2
Nets remaining: 658
Finished routing net _84__bF$buf1
Nets remaining: 657
Finished routing net _84__bF$buf0
Nets remaining: 656
Finished routing net alreg1.new_alarm_ls_min[0]
Nets remaining: 655
Finished routing net alreg1.new_alarm_ls_min[1]
Nets remaining: 654
Finished routing net alreg1.new_alarm_ls_min[2]
Nets remaining: 653
Finished routing net alreg1.new_alarm_ls_min[3]
Nets remaining: 652
Finished routing net alreg1.new_alarm_ms_min[0]
Nets remaining: 651
Finished routing net alreg1.new_alarm_ms_min[1]
Nets remaining: 650
Finished routing net alreg1.new_alarm_ms_min[2]
Nets remaining: 649
Finished routing net alreg1.new_alarm_ms_min[3]
Nets remaining: 648
Finished routing net alreg1.new_alarm_ls_hr[0]
Nets remaining: 647
Finished routing net alreg1.new_alarm_ls_hr[1]
Nets remaining: 646
Finished routing net alreg1.new_alarm_ls_hr[2]
Nets remaining: 645
Finished routing net alreg1.new_alarm_ls_hr[3]
Nets remaining: 644
Finished routing net count1.current_time_ms_min[3]
Nets remaining: 643
Finished routing net count1.current_time_ms_min[2]
Nets remaining: 642
Finished routing net count1.current_time_ls_hr[0]
Nets remaining: 641
Finished routing net count1.current_time_ls_hr[1]
Nets remaining: 640
Finished routing net count1.current_time_ls_hr[2]
Nets remaining: 639
Finished routing net count1.current_time_ls_hr[3]
Nets remaining: 638
Finished routing net count1.current_time_ms_hr[0]
Nets remaining: 637
Finished routing net count1.current_time_ms_hr[3]
Nets remaining: 636
Finished routing net count1.current_time_ms_hr[2]
Nets remaining: 635
Finished routing net fsm1.pre_state[2]
Nets remaining: 634
Finished routing net fsm1.show_new_time_bF$buf3
Nets remaining: 633
Finished routing net fsm1.show_new_time_bF$buf2
Nets remaining: 632
Finished routing net fsm1.show_new_time_bF$buf1
Nets remaining: 631
Finished routing net fsm1.show_new_time_bF$buf0
Nets remaining: 630
Finished routing net fsm1._25_
Nets remaining: 629
Failed to route net _84_
Finished routing net tgen1.count[2]
Nets remaining: 628
Finished routing net tgen1.count[4]
Nets remaining: 627
Finished routing net tgen1.count[5]
Nets remaining: 626
Finished routing net _325_
Nets remaining: 625
Finished routing net tgen1.count[11]
Nets remaining: 624
Finished routing net alarm_time_ls_min[0]
Nets remaining: 623
Finished routing net alarm_time_ls_min[1]
Nets remaining: 622
Finished routing net alreg1.new_alarm_ms_hr[0]
Nets remaining: 621
Finished routing net alarm_time_ms_hr[0]
Nets remaining: 620
Finished routing net alreg1.new_alarm_ms_hr[1]
Nets remaining: 619
Finished routing net alarm_time_ms_hr[1]
Nets remaining: 618
Finished routing net alreg1.new_alarm_ms_hr[2]
Nets remaining: 617
Finished routing net alreg1.new_alarm_ms_hr[3]
Nets remaining: 616
Finished routing net alarm_time_ms_min[0]
Nets remaining: 615
Finished routing net alarm_time_ms_min[1]
Nets remaining: 614
Finished routing net alarm_time_ls_hr[0]
Nets remaining: 613
Finished routing net alarm_time_ls_hr[1]
Nets remaining: 612
Finished routing net count1.current_time_ls_min[3]
Nets remaining: 611
Finished routing net count1.current_time_ls_min[2]
Nets remaining: 610
Finished routing net _102_
Nets remaining: 609
Finished routing net _107_
Nets remaining: 608
Finished routing net fsm1.pre_state[1]
Nets remaining: 607
Finished routing net _198_
Nets remaining: 606
Finished routing net _199_
Nets remaining: 605
Finished routing net fsm1.count2[0]
Nets remaining: 604
Finished routing net fsm1.count1[0]
Nets remaining: 603
Finished routing net _177_
Nets remaining: 602
Finished routing net alarm_button
Nets remaining: 601
Finished routing net _182_
Nets remaining: 600
Finished routing net fsm1.show_new_time
Nets remaining: 599
Finished routing net _339_
Nets remaining: 598
Finished routing net _320_
Nets remaining: 597
Finished routing net _322_
Nets remaining: 596
Finished routing net _345_
Nets remaining: 595
Finished routing net tgen1.count[6]
Nets remaining: 594
Finished routing net tgen1.count[7]
Nets remaining: 593
Finished routing net _323_
Nets remaining: 592
Finished routing net tgen1.count[10]
Nets remaining: 591
Finished routing net _333_
Nets remaining: 590
Finished routing net tgen1.count[13]
Nets remaining: 589
Finished routing net tgen1.count[0]
Nets remaining: 588
Finished routing net alarm_time_ls_min[2]
Nets remaining: 587
Finished routing net alarm_time_ls_min[3]
Nets remaining: 586
Finished routing net alarm_time_ms_hr[2]
Nets remaining: 585
Finished routing net alarm_time_ms_hr[3]
Nets remaining: 584
Finished routing net alarm_time_ms_min[2]
Nets remaining: 583
Finished routing net alarm_time_ms_min[3]
Nets remaining: 582
Finished routing net alarm_time_ls_hr[2]
Nets remaining: 581
Finished routing net alarm_time_ls_hr[3]
Nets remaining: 580
Finished routing net _106_
Nets remaining: 579
Finished routing net _28_
Nets remaining: 578
Finished routing net _36_
Nets remaining: 577
Finished routing net _39_
Nets remaining: 576
Finished routing net fsm1._24_
Nets remaining: 575
Finished routing net _134_
Nets remaining: 574
Finished routing net fsm1.count2[1]
Nets remaining: 573
Finished routing net fsm1.count2[3]
Nets remaining: 572
Finished routing net _143_
Nets remaining: 571
Finished routing net _146_
Nets remaining: 570
Finished routing net _150_
Nets remaining: 569
Finished routing net fsm1.count1[1]
Nets remaining: 568
Finished routing net fsm1.count1[3]
Nets remaining: 567
Finished routing net _168_
Nets remaining: 566
Finished routing net tgen1.count[3]
Nets remaining: 565
Finished routing net _321_
Nets remaining: 564
Finished routing net _329_
Nets remaining: 563
Finished routing net tgen1.count[8]
Nets remaining: 562
Finished routing net tgen1.count[9]
Nets remaining: 561
Finished routing net _332_
Nets remaining: 560
Finished routing net _360_
Nets remaining: 559
Finished routing net _335_
Nets remaining: 558
Finished routing net _361_
Nets remaining: 557
Finished routing net _337_
Nets remaining: 556
Finished routing net _310_
Nets remaining: 555
Finished routing net tgen1.count[12]
Nets remaining: 554
Finished routing net _334_
Nets remaining: 553
Finished routing net tgen1.count[1]
Nets remaining: 552
Finished routing net _85_
Nets remaining: 551
Finished routing net _86_
Nets remaining: 550
Finished routing net count1.one_minute
Nets remaining: 549
Finished routing net _88_
Nets remaining: 548
Finished routing net _96_
Nets remaining: 547
Finished routing net _98_
Nets remaining: 546
Finished routing net _100_
Nets remaining: 545
Finished routing net _21_
Nets remaining: 544
Finished routing net _31_
Nets remaining: 543
Finished routing net _33_
Nets remaining: 542
Finished routing net _34_
Nets remaining: 541
Finished routing net _42_
Nets remaining: 540
Finished routing net _44_
Nets remaining: 539
Finished routing net _67_
Nets remaining: 538
Finished routing net fsm1._39_
Nets remaining: 537
Finished routing net _200_
Nets remaining: 536
Finished routing net fsm1.count2[2]
Nets remaining: 535
Finished routing net _140_
Nets remaining: 534
Finished routing net _153_
Nets remaining: 533
Finished routing net fsm1.count1[2]
Nets remaining: 532
Finished routing net _160_
Nets remaining: 531
Finished routing net _171_
Nets remaining: 530
Finished routing net time_button
Nets remaining: 529
Finished routing net _239_
Nets remaining: 528
Finished routing net _241_
Nets remaining: 527
Finished routing net _261_
Nets remaining: 526
Finished routing net _263_
Nets remaining: 525
Finished routing net _283_
Nets remaining: 524
Finished routing net _285_
Nets remaining: 523
Finished routing net _305_
Nets remaining: 522
Finished routing net _307_
Nets remaining: 521
Finished routing net tgen1._00_[2]
Nets remaining: 520
Finished routing net tgen1._00_[3]
Nets remaining: 519
Finished routing net _344_
Nets remaining: 518
Finished routing net tgen1._00_[4]
Nets remaining: 517
Finished routing net _348_
Nets remaining: 516
Finished routing net tgen1._00_[5]
Nets remaining: 515
Finished routing net tgen1._00_[6]
Nets remaining: 514
Finished routing net _331_
Nets remaining: 513
Finished routing net _330_
Nets remaining: 512
Finished routing net tgen1._00_[7]
Nets remaining: 511
Finished routing net _353_
Nets remaining: 510
Finished routing net _354_
Nets remaining: 509
Finished routing net tgen1._00_[8]
Nets remaining: 508
Finished routing net tgen1._00_[9]
Nets remaining: 507
Finished routing net _319_
Nets remaining: 506
Finished routing net tgen1._00_[10]
Nets remaining: 505
Finished routing net _309_
Nets remaining: 504
Finished routing net tgen1._00_[11]
Nets remaining: 503
Finished routing net tgen1._00_[12]
Nets remaining: 502
Finished routing net _314_
Nets remaining: 501
Finished routing net tgen1._00_[13]
Nets remaining: 500
Finished routing net tgen1._03_
Nets remaining: 499
Finished routing net tgen1._00_[0]
Nets remaining: 498
Finished routing net tgen1._00_[1]
Nets remaining: 497
Finished routing net tgen1._02_
Nets remaining: 496
Finished routing net tgen1.one_minute_reg
Nets remaining: 495
Finished routing net _1_[3]
Nets remaining: 494
Finished routing net _2_[3]
Nets remaining: 493
Finished routing net _3_[3]
Nets remaining: 492
Finished routing net _4_[3]
Nets remaining: 491
Finished routing net alreg1._1_[0]
Nets remaining: 490
Finished routing net alreg1._1_[1]
Nets remaining: 489
Finished routing net alreg1._1_[2]
Nets remaining: 488
Finished routing net alreg1._1_[3]
Nets remaining: 487
Finished routing net alreg1._2_[0]
Nets remaining: 486
Finished routing net alreg1._2_[1]
Nets remaining: 485
Finished routing net alreg1._2_[2]
Nets remaining: 484
Finished routing net alreg1._2_[3]
Nets remaining: 483
Finished routing net alreg1._3_[0]
Nets remaining: 482
Finished routing net alreg1._3_[1]
Nets remaining: 481
Finished routing net alreg1._3_[2]
Nets remaining: 480
Finished routing net alreg1._3_[3]
Nets remaining: 479
Finished routing net alreg1._0_[0]
Nets remaining: 478
Finished routing net alreg1._0_[1]
Nets remaining: 477
Finished routing net alreg1._0_[2]
Nets remaining: 476
Finished routing net alreg1._0_[3]
Nets remaining: 475
Finished routing net count1.load_new_c
Nets remaining: 474
Finished routing net _89_
Nets remaining: 473
Finished routing net count1._03_[0]
Nets remaining: 472
Failed to remove stacked via at grid point 49 91.
Failed to route net _94_
Finished routing net _97_
Nets remaining: 471
Finished routing net _99_
Nets remaining: 470
Finished routing net _105_
Nets remaining: 469
Finished routing net count1._03_[1]
Nets remaining: 468
Finished routing net _111_
Nets remaining: 467
Finished routing net _112_
Nets remaining: 466
Finished routing net count1._03_[2]
Nets remaining: 465
Finished routing net count1._03_[3]
Nets remaining: 464
Finished routing net count1._01_[0]
Nets remaining: 463
Finished routing net _121_
Nets remaining: 462
Finished routing net count1._01_[1]
Nets remaining: 461
Finished routing net count1._01_[2]
Nets remaining: 460
Finished routing net count1._01_[3]
Nets remaining: 459
Finished routing net count1._00_[0]
Nets remaining: 458
Finished routing net _35_
Nets remaining: 457
Finished routing net _37_
Nets remaining: 456
Finished routing net count1._00_[1]
Nets remaining: 455
Finished routing net _47_
Nets remaining: 454
Finished routing net count1._00_[2]
Nets remaining: 453
Finished routing net _51_
Nets remaining: 452
Finished routing net _55_
Nets remaining: 451
Finished routing net _56_
Nets remaining: 450
Finished routing net count1._00_[3]
Nets remaining: 449
Finished routing net count1._02_[0]
Nets remaining: 448
Finished routing net _65_
Nets remaining: 447
Finished routing net count1._02_[1]
Nets remaining: 446
Finished routing net _71_
Nets remaining: 445
Finished routing net count1._02_[2]
Nets remaining: 444
Finished routing net count1._02_[3]
Nets remaining: 443
Finished routing net key[0]
Nets remaining: 442
Finished routing net key[2]
Nets remaining: 441
Finished routing net key[1]
Nets remaining: 440
Finished routing net key[3]
Nets remaining: 439
Finished routing net _196_
Nets remaining: 438
Finished routing net _197_
Nets remaining: 437
Finished routing net _138_
Nets remaining: 436
Finished routing net _141_
Nets remaining: 435
Finished routing net _147_
Nets remaining: 434
Finished routing net fsm1._01_[0]
Nets remaining: 433
Finished routing net _152_
Nets remaining: 432
Finished routing net fsm1._01_[1]
Nets remaining: 431
Finished routing net fsm1._01_[2]
Nets remaining: 430
Finished routing net fsm1._01_[3]
Nets remaining: 429
Finished routing net _162_
Nets remaining: 428
Finished routing net _165_
Nets remaining: 427
Finished routing net fsm1._00_[0]
Nets remaining: 426
Finished routing net _170_
Nets remaining: 425
Finished routing net fsm1._00_[1]
Nets remaining: 424
Finished routing net fsm1._00_[2]
Nets remaining: 423
Finished routing net fsm1._00_[3]
Nets remaining: 422
Finished routing net _181_
Nets remaining: 421
Finished routing net _183_
Nets remaining: 420
Finished routing net _185_
Nets remaining: 419
Finished routing net fsm1._03_[0]
Nets remaining: 418
Finished routing net _189_
Nets remaining: 417
Finished routing net fsm1._03_[1]
Nets remaining: 416
Finished routing net fsm1._03_[2]
Nets remaining: 415
Finished routing net _193_
Nets remaining: 414
Finished routing net keyreg1._2_[0]
Nets remaining: 413
Finished routing net keyreg1._2_[1]
Nets remaining: 412
Finished routing net keyreg1._2_[2]
Nets remaining: 411
Finished routing net keyreg1._2_[3]
Nets remaining: 410
Finished routing net keyreg1._1_[0]
Nets remaining: 409
Finished routing net keyreg1._1_[1]
Nets remaining: 408
Finished routing net keyreg1._1_[2]
Nets remaining: 407
Finished routing net keyreg1._1_[3]
Nets remaining: 406
Finished routing net keyreg1._0_[0]
Nets remaining: 405
Finished routing net keyreg1._0_[1]
Nets remaining: 404
Finished routing net keyreg1._0_[2]
Nets remaining: 403
Finished routing net keyreg1._0_[3]
Nets remaining: 402
Finished routing net keyreg1._3_[0]
Nets remaining: 401
Finished routing net keyreg1._3_[1]
Nets remaining: 400
Finished routing net keyreg1._3_[2]
Nets remaining: 399
Finished routing net keyreg1._3_[3]
Nets remaining: 398
Finished routing net _240_
Nets remaining: 397
Finished routing net _262_
Nets remaining: 396
Finished routing net _284_
Nets remaining: 395
Finished routing net _306_
Nets remaining: 394
Finished routing net fastwatch
Nets remaining: 393
Finished routing net _341_
Nets remaining: 392
Finished routing net _342_
Nets remaining: 391
Finished routing net _343_
Nets remaining: 390
Finished routing net _346_
Nets remaining: 389
Finished routing net _347_
Nets remaining: 388
Finished routing net _349_
Nets remaining: 387
Finished routing net _350_
Nets remaining: 386
Finished routing net _351_
Nets remaining: 385
Finished routing net _352_
Nets remaining: 384
Finished routing net _355_
Nets remaining: 383
Finished routing net _356_
Nets remaining: 382
Finished routing net _357_
Nets remaining: 381
Finished routing net _358_
Nets remaining: 380
Finished routing net _359_
Nets remaining: 379
Finished routing net _362_
Nets remaining: 378
Finished routing net _363_
Nets remaining: 377
Finished routing net _364_
Nets remaining: 376
Finished routing net _365_
Nets remaining: 375
Finished routing net _311_
Nets remaining: 374
Finished routing net _312_
Nets remaining: 373
Finished routing net _313_
Nets remaining: 372
Finished routing net _315_
Nets remaining: 371
Finished routing net _316_
Nets remaining: 370
Finished routing net _0_
Nets remaining: 369
Finished routing net alarm_sound
Nets remaining: 368
Finished routing net _1_[0]
Nets remaining: 367
Finished routing net ls_hour[0]
Nets remaining: 366
Finished routing net _1_[1]
Nets remaining: 365
Finished routing net ls_hour[1]
Nets remaining: 364
Finished routing net _1_[2]
Nets remaining: 363
Finished routing net ls_hour[2]
Nets remaining: 362
Finished routing net ls_hour[3]
Nets remaining: 361
Finished routing net ls_hour[4]
Nets remaining: 360
Finished routing net ls_hour[5]
Nets remaining: 359
Finished routing net ls_hour[6]
Nets remaining: 358
Finished routing net ls_hour[7]
Nets remaining: 357
Finished routing net _2_[0]
Nets remaining: 356
Finished routing net ls_minute[0]
Nets remaining: 355
Finished routing net _2_[1]
Nets remaining: 354
Finished routing net ls_minute[1]
Nets remaining: 353
Finished routing net _2_[2]
Nets remaining: 352
Finished routing net ls_minute[2]
Nets remaining: 351
Finished routing net ls_minute[3]
Nets remaining: 350
Finished routing net ls_minute[4]
Nets remaining: 349
Finished routing net ls_minute[5]
Nets remaining: 348
Finished routing net ls_minute[6]
Nets remaining: 347
Finished routing net ls_minute[7]
Nets remaining: 346
Finished routing net _3_[0]
Nets remaining: 345
Finished routing net ms_hour[0]
Nets remaining: 344
Finished routing net _3_[1]
Nets remaining: 343
Finished routing net ms_hour[1]
Nets remaining: 342
Finished routing net _3_[2]
Nets remaining: 341
Finished routing net ms_hour[2]
Nets remaining: 340
Finished routing net ms_hour[3]
Nets remaining: 339
Finished routing net ms_hour[4]
Nets remaining: 338
Finished routing net ms_hour[5]
Nets remaining: 337
Finished routing net ms_hour[6]
Nets remaining: 336
Finished routing net ms_hour[7]
Nets remaining: 335
Finished routing net _4_[0]
Nets remaining: 334
Finished routing net ms_minute[0]
Nets remaining: 333
Finished routing net _4_[1]
Nets remaining: 332
Finished routing net ms_minute[1]
Nets remaining: 331
Finished routing net _4_[2]
Nets remaining: 330
Finished routing net ms_minute[2]
Nets remaining: 329
Finished routing net ms_minute[3]
Nets remaining: 328
Finished routing net ms_minute[4]
Nets remaining: 327
Finished routing net ms_minute[5]
Nets remaining: 326
Finished routing net ms_minute[6]
Nets remaining: 325
Finished routing net ms_minute[7]
Nets remaining: 324
Finished routing net _5_
Nets remaining: 323
Finished routing net _6_
Nets remaining: 322
Finished routing net _7_
Nets remaining: 321
Finished routing net _8_
Nets remaining: 320
Finished routing net _9_
Nets remaining: 319
Finished routing net _10_
Nets remaining: 318
Finished routing net _11_
Nets remaining: 317
Finished routing net _12_
Nets remaining: 316
Finished routing net _13_
Nets remaining: 315
Finished routing net _14_
Nets remaining: 314
Finished routing net _15_
Nets remaining: 313
Finished routing net _16_
Nets remaining: 312
Finished routing net _17_
Nets remaining: 311
Finished routing net _18_
Nets remaining: 310
Finished routing net _19_
Nets remaining: 309
Finished routing net _20_
Nets remaining: 308
Finished routing net _87_
Nets remaining: 307
Finished routing net _91_
Nets remaining: 306
Finished routing net _93_
Nets remaining: 305
Finished routing net _95_
Nets remaining: 304
Finished routing net _101_
Nets remaining: 303
Finished routing net _103_
Nets remaining: 302
Finished routing net _104_
Nets remaining: 301
Finished routing net _108_
Nets remaining: 300
Finished routing net _109_
Nets remaining: 299
Finished routing net _110_
Nets remaining: 298
Finished routing net _113_
Nets remaining: 297
Finished routing net _114_
Nets remaining: 296
Finished routing net _115_
Nets remaining: 295
Finished routing net _116_
Nets remaining: 294
Finished routing net _117_
Nets remaining: 293
Finished routing net _118_
Nets remaining: 292
Finished routing net _119_
Nets remaining: 291
Finished routing net _120_
Nets remaining: 290
Finished routing net _122_
Nets remaining: 289
Finished routing net _123_
Nets remaining: 288
Finished routing net _124_
Nets remaining: 287
Finished routing net _125_
Nets remaining: 286
Finished routing net _22_
Nets remaining: 285
Finished routing net _23_
Nets remaining: 284
Finished routing net _24_
Nets remaining: 283
Finished routing net _25_
Nets remaining: 282
Finished routing net _26_
Nets remaining: 281
Finished routing net _27_
Nets remaining: 280
Finished routing net _29_
Nets remaining: 279
Finished routing net _30_
Nets remaining: 278
Finished routing net _32_
Nets remaining: 277
Finished routing net _38_
Nets remaining: 276
Finished routing net _40_
Nets remaining: 275
Finished routing net _41_
Nets remaining: 274
Finished routing net _43_
Nets remaining: 273
Finished routing net _45_
Nets remaining: 272
Finished routing net _46_
Nets remaining: 271
Finished routing net _48_
Nets remaining: 270
Finished routing net _49_
Nets remaining: 269
Finished routing net _50_
Nets remaining: 268
Finished routing net _52_
Nets remaining: 267
Finished routing net _53_
Nets remaining: 266
Finished routing net _54_
Nets remaining: 265
Finished routing net _57_
Nets remaining: 264
Finished routing net _58_
Nets remaining: 263
Finished routing net _59_
Nets remaining: 262
Finished routing net _60_
Nets remaining: 261
Finished routing net _61_
Nets remaining: 260
Finished routing net _62_
Nets remaining: 259
Finished routing net _63_
Nets remaining: 258
Finished routing net _64_
Nets remaining: 257
Finished routing net _66_
Nets remaining: 256
Finished routing net _68_
Nets remaining: 255
Finished routing net _69_
Nets remaining: 254
Finished routing net _70_
Nets remaining: 253
Finished routing net _72_
Nets remaining: 252
Finished routing net _73_
Nets remaining: 251
Finished routing net _74_
Nets remaining: 250
Finished routing net _75_
Nets remaining: 249
Finished routing net _76_
Nets remaining: 248
Finished routing net _77_
Nets remaining: 247
Finished routing net _78_
Nets remaining: 246
Finished routing net _79_
Nets remaining: 245
Finished routing net _80_
Nets remaining: 244
Finished routing net _81_
Nets remaining: 243
Finished routing net _82_
Nets remaining: 242
Finished routing net _83_
Nets remaining: 241
Finished routing net _194_
Nets remaining: 240
Finished routing net _195_
Nets remaining: 239
Finished routing net _201_
Nets remaining: 238
Finished routing net _202_
Nets remaining: 237
Finished routing net _139_
Nets remaining: 236
Finished routing net _142_
Nets remaining: 235
Finished routing net _144_
Nets remaining: 234
Finished routing net _145_
Nets remaining: 233
Finished routing net _148_
Nets remaining: 232
Finished routing net _149_
Nets remaining: 231
Finished routing net _151_
Nets remaining: 230
Finished routing net _154_
Nets remaining: 229
Finished routing net _155_
Nets remaining: 228
Finished routing net _156_
Nets remaining: 227
Finished routing net _157_
Nets remaining: 226
Finished routing net _158_
Nets remaining: 225
Finished routing net _159_
Nets remaining: 224
Finished routing net _161_
Nets remaining: 223
Finished routing net _163_
Nets remaining: 222
Finished routing net _164_
Nets remaining: 221
Finished routing net _166_
Nets remaining: 220
Finished routing net _167_
Nets remaining: 219
Finished routing net _169_
Nets remaining: 218
Finished routing net _172_
Nets remaining: 217
Finished routing net _173_
Nets remaining: 216
Finished routing net _174_
Nets remaining: 215
Finished routing net _175_
Nets remaining: 214
Finished routing net _176_
Nets remaining: 213
Finished routing net fsm1._19_
Nets remaining: 212
Finished routing net _128_[2]
Nets remaining: 211
Finished routing net _178_
Nets remaining: 210
Finished routing net _179_
Nets remaining: 209
Finished routing net _180_
Nets remaining: 208
Finished routing net fsm1._09_[2]
Nets remaining: 207
Finished routing net _127_[2]
Nets remaining: 206
Finished routing net fsm1._07_[2]
Nets remaining: 205
Finished routing net fsm1._04_[1]
Nets remaining: 204
Finished routing net _184_
Nets remaining: 203
Finished routing net _186_
Nets remaining: 202
Finished routing net _187_
Nets remaining: 201
Finished routing net _188_
Nets remaining: 200
Finished routing net fsm1._08_[2]
Nets remaining: 199
Finished routing net _190_
Nets remaining: 198
Finished routing net _191_
Nets remaining: 197
Failed to remove stacked via at grid point 113 57.
Failed to route net _192_
Finished routing net _203_
Nets remaining: 196
Finished routing net _204_
Nets remaining: 195
Finished routing net _205_
Nets remaining: 194
Finished routing net _206_
Nets remaining: 193
Finished routing net _207_
Nets remaining: 192
Finished routing net _208_
Nets remaining: 191
Finished routing net _209_
Nets remaining: 190
Finished routing net _210_
Nets remaining: 189
Finished routing net _211_
Nets remaining: 188
Finished routing net _212_
Nets remaining: 187
Finished routing net _213_
Nets remaining: 186
Finished routing net _214_
Nets remaining: 185
Finished routing net _215_
Nets remaining: 184
Finished routing net _216_
Nets remaining: 183
Finished routing net _217_
Nets remaining: 182
Finished routing net _218_
Nets remaining: 181
Finished routing net lcd_disp.LS_HR.sound_alarm
Nets remaining: 180
Finished routing net lcd_disp.MS_HR.sound_alarm
Nets remaining: 179
Finished routing net _219_
Nets remaining: 178
Finished routing net lcd_disp.MS_MIN.sound_alarm
Nets remaining: 177
Finished routing net lcd_disp.LS_MIN.sound_alarm
Nets remaining: 176
Finished routing net _220_
Nets remaining: 175
Failed to remove stacked via at grid point 89 117.
Failed to route net _223_
Finished routing net _224_
Nets remaining: 174
Finished routing net _225_
Nets remaining: 173
Finished routing net _226_
Nets remaining: 172
Finished routing net _227_
Nets remaining: 171
Finished routing net _228_
Nets remaining: 170
Finished routing net _229_
Nets remaining: 169
Finished routing net _230_
Nets remaining: 168
Finished routing net _231_
Nets remaining: 167
Finished routing net _232_
Nets remaining: 166
Finished routing net _233_
Nets remaining: 165
Finished routing net _234_
Nets remaining: 164
Finished routing net _235_
Nets remaining: 163
Finished routing net _236_
Nets remaining: 162
Finished routing net _237_
Nets remaining: 161
Finished routing net _238_
Nets remaining: 160
Finished routing net _242_
Nets remaining: 159
Finished routing net _245_
Nets remaining: 158
Finished routing net _246_
Nets remaining: 157
Finished routing net _247_
Nets remaining: 156
Finished routing net _248_
Nets remaining: 155
Finished routing net _249_
Nets remaining: 154
Finished routing net _250_
Nets remaining: 153
Finished routing net _251_
Nets remaining: 152
Finished routing net _252_
Nets remaining: 151
Finished routing net _253_
Nets remaining: 150
Finished routing net _254_
Nets remaining: 149
Finished routing net _255_
Nets remaining: 148
Finished routing net _256_
Nets remaining: 147
Finished routing net _257_
Nets remaining: 146
Finished routing net _258_
Nets remaining: 145
Finished routing net _259_
Nets remaining: 144
Finished routing net _260_
Nets remaining: 143
Finished routing net _264_
Nets remaining: 142
Finished routing net _267_
Nets remaining: 141
Finished routing net _268_
Nets remaining: 140
Finished routing net _269_
Nets remaining: 139
Finished routing net _270_
Nets remaining: 138
Finished routing net _271_
Nets remaining: 137
Finished routing net _272_
Nets remaining: 136
Finished routing net _273_
Nets remaining: 135
Finished routing net _274_
Nets remaining: 134
Finished routing net _275_
Nets remaining: 133
Finished routing net _276_
Nets remaining: 132
Finished routing net _277_
Nets remaining: 131
Finished routing net _278_
Nets remaining: 130
Finished routing net _279_
Nets remaining: 129
Finished routing net _280_
Nets remaining: 128
Finished routing net _281_
Nets remaining: 127
Finished routing net _282_
Nets remaining: 126
Finished routing net _286_
Nets remaining: 125
Finished routing net _289_
Nets remaining: 124
Finished routing net _290_
Nets remaining: 123
Finished routing net _291_
Nets remaining: 122
Finished routing net _292_
Nets remaining: 121
Finished routing net _293_
Nets remaining: 120
Finished routing net _294_
Nets remaining: 119
Finished routing net _295_
Nets remaining: 118
Finished routing net _296_
Nets remaining: 117
Finished routing net _297_
Nets remaining: 116
Finished routing net _298_
Nets remaining: 115
Finished routing net _299_
Nets remaining: 114
Finished routing net _300_
Nets remaining: 113
Finished routing net _301_
Nets remaining: 112
Finished routing net _302_
Nets remaining: 111
Finished routing net _303_
Nets remaining: 110
Finished routing net _304_
Nets remaining: 109
Finished routing net _308_
Nets remaining: 108
Finished routing net _317_
Nets remaining: 107
Finished routing net _318_
Nets remaining: 106
Finished routing net _326_
Nets remaining: 105
Finished routing net _327_
Nets remaining: 104
Finished routing net _328_
Nets remaining: 103
Finished routing net _336_
Nets remaining: 102
Finished routing net _338_
Nets remaining: 101
Finished routing net _340_
Nets remaining: 100

----------------------------------------------
Progress: Stage 1 total routes completed: 1552
Failed net routes: 4
----------------------------------------------
*** Running stage2 routing with options mask 10, effort 10
Nets remaining: 4
Nets remaining: 3
Nets remaining: 2
Nets remaining: 1
Best route of _84_ collides with net: alreg1.load_new_alarm 
Ripping up blocking net alreg1.load_new_alarm
Nets remaining: 1

----------------------------------------------
Progress: Stage 2 total routes completed: 1573
No failed routes!
----------------------------------------------
*** Running stage3 routing with defaults, 1st round
Finished routing net gnd
Nets remaining: 700
Finished routing net alreg1.load_new_alarm
Nets remaining: 699
Finished routing net _92_
Nets remaining: 698
Finished routing net fsm1.shift
Nets remaining: 697
Finished routing net vdd
Nets remaining: 696
Finished routing net reset_bF$buf9
Nets remaining: 695
Finished routing net reset_bF$buf8
Nets remaining: 694
Finished routing net reset_bF$buf7
Nets remaining: 693
Finished routing net reset_bF$buf6
Nets remaining: 692
Finished routing net reset_bF$buf5
Nets remaining: 691
Finished routing net reset_bF$buf4
Nets remaining: 690
Finished routing net reset_bF$buf3
Nets remaining: 689
Finished routing net reset_bF$buf2
Nets remaining: 688
Finished routing net reset_bF$buf1
Nets remaining: 687
Finished routing net reset_bF$buf0
Nets remaining: 686
Finished routing net clock_bF$buf7
Nets remaining: 685
Finished routing net clock_bF$buf6
Nets remaining: 684
Finished routing net clock_bF$buf5
Nets remaining: 683
Finished routing net reset
Nets remaining: 682
Finished routing net _324_
Nets remaining: 681
Finished routing net clock_bF$buf4
Nets remaining: 680
Finished routing net clock_bF$buf3
Nets remaining: 679
Finished routing net clock_bF$buf2
Nets remaining: 678
Finished routing net clock_bF$buf1
Nets remaining: 677
Finished routing net clock_bF$buf0
Nets remaining: 676
Finished routing net clock
Nets remaining: 675
Finished routing net fsm1.pre_state[0]
Nets remaining: 674
Finished routing net fsm1._25__bF$buf4
Nets remaining: 673
Finished routing net fsm1._25__bF$buf3
Nets remaining: 672
Finished routing net fsm1._25__bF$buf2
Nets remaining: 671
Finished routing net _84__bF$buf4
Nets remaining: 670
Finished routing net _84__bF$buf3
Nets remaining: 669
Finished routing net fsm1.one_second
Nets remaining: 668
Finished routing net count1.current_time_ms_min[0]
Nets remaining: 667
Finished routing net count1.current_time_ls_min[0]
Nets remaining: 666
Finished routing net count1.current_time_ls_min[1]
Nets remaining: 665
Finished routing net _90_
Nets remaining: 664
Finished routing net count1.current_time_ms_min[1]
Nets remaining: 663
Finished routing net count1.current_time_ms_hr[1]
Nets remaining: 662
Finished routing net fsm1._22_
Nets remaining: 661
Finished routing net fsm1._25__bF$buf1
Nets remaining: 660
Finished routing net fsm1._25__bF$buf0
Nets remaining: 659
Finished routing net _84__bF$buf2
Nets remaining: 658
Finished routing net _84__bF$buf1
Nets remaining: 657
Finished routing net _84__bF$buf0
Nets remaining: 656
Finished routing net alreg1.new_alarm_ls_min[0]
Nets remaining: 655
Finished routing net alreg1.new_alarm_ls_min[1]
Nets remaining: 654
Finished routing net alreg1.new_alarm_ls_min[2]
Nets remaining: 653
Finished routing net alreg1.new_alarm_ls_min[3]
Nets remaining: 652
Finished routing net alreg1.new_alarm_ms_min[0]
Nets remaining: 651
Finished routing net alreg1.new_alarm_ms_min[1]
Nets remaining: 650
Finished routing net alreg1.new_alarm_ms_min[2]
Nets remaining: 649
Finished routing net alreg1.new_alarm_ms_min[3]
Nets remaining: 648
Finished routing net alreg1.new_alarm_ls_hr[0]
Nets remaining: 647
Finished routing net alreg1.new_alarm_ls_hr[1]
Nets remaining: 646
Finished routing net alreg1.new_alarm_ls_hr[2]
Nets remaining: 645
Finished routing net alreg1.new_alarm_ls_hr[3]
Nets remaining: 644
Finished routing net count1.current_time_ms_min[3]
Nets remaining: 643
Finished routing net count1.current_time_ms_min[2]
Nets remaining: 642
Finished routing net count1.current_time_ls_hr[0]
Nets remaining: 641
Finished routing net count1.current_time_ls_hr[1]
Nets remaining: 640
Finished routing net count1.current_time_ls_hr[2]
Nets remaining: 639
Finished routing net count1.current_time_ls_hr[3]
Nets remaining: 638
Finished routing net count1.current_time_ms_hr[0]
Nets remaining: 637
Finished routing net count1.current_time_ms_hr[3]
Nets remaining: 636
Finished routing net count1.current_time_ms_hr[2]
Nets remaining: 635
Finished routing net fsm1.pre_state[2]
Nets remaining: 634
Finished routing net fsm1.show_new_time_bF$buf3
Nets remaining: 633
Finished routing net fsm1.show_new_time_bF$buf2
Nets remaining: 632
Finished routing net fsm1.show_new_time_bF$buf1
Nets remaining: 631
Finished routing net fsm1.show_new_time_bF$buf0
Nets remaining: 630
Finished routing net fsm1._25_
Nets remaining: 629
Finished routing net _84_
Nets remaining: 628
Finished routing net tgen1.count[2]
Nets remaining: 627
Finished routing net tgen1.count[4]
Nets remaining: 626
Finished routing net tgen1.count[5]
Nets remaining: 625
Finished routing net _325_
Nets remaining: 624
Finished routing net tgen1.count[11]
Nets remaining: 623
Finished routing net alarm_time_ls_min[0]
Nets remaining: 622
Finished routing net alarm_time_ls_min[1]
Nets remaining: 621
Finished routing net alreg1.new_alarm_ms_hr[0]
Nets remaining: 620
Finished routing net alarm_time_ms_hr[0]
Nets remaining: 619
Finished routing net alreg1.new_alarm_ms_hr[1]
Nets remaining: 618
Finished routing net alarm_time_ms_hr[1]
Nets remaining: 617
Finished routing net alreg1.new_alarm_ms_hr[2]
Nets remaining: 616
Finished routing net alreg1.new_alarm_ms_hr[3]
Nets remaining: 615
Finished routing net alarm_time_ms_min[0]
Nets remaining: 614
Finished routing net alarm_time_ms_min[1]
Nets remaining: 613
Finished routing net alarm_time_ls_hr[0]
Nets remaining: 612
Finished routing net alarm_time_ls_hr[1]
Nets remaining: 611
Finished routing net count1.current_time_ls_min[3]
Nets remaining: 610
Finished routing net count1.current_time_ls_min[2]
Nets remaining: 609
Finished routing net _102_
Nets remaining: 608
Finished routing net _107_
Nets remaining: 607
Finished routing net fsm1.pre_state[1]
Nets remaining: 606
Finished routing net _198_
Nets remaining: 605
Finished routing net _199_
Nets remaining: 604
Finished routing net fsm1.count2[0]
Nets remaining: 603
Finished routing net fsm1.count1[0]
Nets remaining: 602
Finished routing net _177_
Nets remaining: 601
Finished routing net alarm_button
Nets remaining: 600
Finished routing net _182_
Nets remaining: 599
Finished routing net fsm1.show_new_time
Nets remaining: 598
Finished routing net _339_
Nets remaining: 597
Finished routing net _320_
Nets remaining: 596
Finished routing net _322_
Nets remaining: 595
Finished routing net _345_
Nets remaining: 594
Finished routing net tgen1.count[6]
Nets remaining: 593
Finished routing net tgen1.count[7]
Nets remaining: 592
Finished routing net _323_
Nets remaining: 591
Finished routing net tgen1.count[10]
Nets remaining: 590
Finished routing net _333_
Nets remaining: 589
Finished routing net tgen1.count[13]
Nets remaining: 588
Finished routing net tgen1.count[0]
Nets remaining: 587
Finished routing net alarm_time_ls_min[2]
Nets remaining: 586
Finished routing net alarm_time_ls_min[3]
Nets remaining: 585
Finished routing net alarm_time_ms_hr[2]
Nets remaining: 584
Finished routing net alarm_time_ms_hr[3]
Nets remaining: 583
Finished routing net alarm_time_ms_min[2]
Nets remaining: 582
Finished routing net alarm_time_ms_min[3]
Nets remaining: 581
Finished routing net alarm_time_ls_hr[2]
Nets remaining: 580
Finished routing net alarm_time_ls_hr[3]
Nets remaining: 579
Finished routing net _106_
Nets remaining: 578
Finished routing net _28_
Nets remaining: 577
Finished routing net _36_
Nets remaining: 576
Finished routing net _39_
Nets remaining: 575
Finished routing net fsm1._24_
Nets remaining: 574
Finished routing net _134_
Nets remaining: 573
Finished routing net fsm1.count2[1]
Nets remaining: 572
Finished routing net fsm1.count2[3]
Nets remaining: 571
Finished routing net _143_
Nets remaining: 570
Finished routing net _146_
Nets remaining: 569
Finished routing net _150_
Nets remaining: 568
Finished routing net fsm1.count1[1]
Nets remaining: 567
Finished routing net fsm1.count1[3]
Nets remaining: 566
Finished routing net _168_
Nets remaining: 565
Finished routing net tgen1.count[3]
Nets remaining: 564
Finished routing net _321_
Nets remaining: 563
Finished routing net _329_
Nets remaining: 562
Finished routing net tgen1.count[8]
Nets remaining: 561
Finished routing net tgen1.count[9]
Nets remaining: 560
Finished routing net _332_
Nets remaining: 559
Finished routing net _360_
Nets remaining: 558
Finished routing net _335_
Nets remaining: 557
Finished routing net _361_
Nets remaining: 556
Finished routing net _337_
Nets remaining: 555
Finished routing net _310_
Nets remaining: 554
Finished routing net tgen1.count[12]
Nets remaining: 553
Finished routing net _334_
Nets remaining: 552
Finished routing net tgen1.count[1]
Nets remaining: 551
Finished routing net _85_
Nets remaining: 550
Finished routing net _86_
Nets remaining: 549
Finished routing net count1.one_minute
Nets remaining: 548
Finished routing net _88_
Nets remaining: 547
Finished routing net _96_
Nets remaining: 546
Finished routing net _98_
Nets remaining: 545
Finished routing net _100_
Nets remaining: 544
Finished routing net _21_
Nets remaining: 543
Finished routing net _31_
Nets remaining: 542
Finished routing net _33_
Nets remaining: 541
Finished routing net _34_
Nets remaining: 540
Finished routing net _42_
Nets remaining: 539
Finished routing net _44_
Nets remaining: 538
Finished routing net _67_
Nets remaining: 537
Finished routing net fsm1._39_
Nets remaining: 536
Finished routing net _200_
Nets remaining: 535
Finished routing net fsm1.count2[2]
Nets remaining: 534
Finished routing net _140_
Nets remaining: 533
Finished routing net _153_
Nets remaining: 532
Finished routing net fsm1.count1[2]
Nets remaining: 531
Finished routing net _160_
Nets remaining: 530
Finished routing net _171_
Nets remaining: 529
Finished routing net time_button
Nets remaining: 528
Finished routing net _239_
Nets remaining: 527
Finished routing net _241_
Nets remaining: 526
Finished routing net _261_
Nets remaining: 525
Finished routing net _263_
Nets remaining: 524
Finished routing net _283_
Nets remaining: 523
Finished routing net _285_
Nets remaining: 522
Finished routing net _305_
Nets remaining: 521
Finished routing net _307_
Nets remaining: 520
Finished routing net tgen1._00_[2]
Nets remaining: 519
Finished routing net tgen1._00_[3]
Nets remaining: 518
Finished routing net _344_
Nets remaining: 517
Finished routing net tgen1._00_[4]
Nets remaining: 516
Finished routing net _348_
Nets remaining: 515
Finished routing net tgen1._00_[5]
Nets remaining: 514
Finished routing net tgen1._00_[6]
Nets remaining: 513
Finished routing net _331_
Nets remaining: 512
Finished routing net _330_
Nets remaining: 511
Finished routing net tgen1._00_[7]
Nets remaining: 510
Finished routing net _353_
Nets remaining: 509
Finished routing net _354_
Nets remaining: 508
Finished routing net tgen1._00_[8]
Nets remaining: 507
Finished routing net tgen1._00_[9]
Nets remaining: 506
Finished routing net _319_
Nets remaining: 505
Finished routing net tgen1._00_[10]
Nets remaining: 504
Finished routing net _309_
Nets remaining: 503
Finished routing net tgen1._00_[11]
Nets remaining: 502
Finished routing net tgen1._00_[12]
Nets remaining: 501
Finished routing net _314_
Nets remaining: 500
Finished routing net tgen1._00_[13]
Nets remaining: 499
Finished routing net tgen1._03_
Nets remaining: 498
Finished routing net tgen1._00_[0]
Nets remaining: 497
Finished routing net tgen1._00_[1]
Nets remaining: 496
Finished routing net tgen1._02_
Nets remaining: 495
Finished routing net tgen1.one_minute_reg
Nets remaining: 494
Finished routing net _1_[3]
Nets remaining: 493
Finished routing net _2_[3]
Nets remaining: 492
Finished routing net _3_[3]
Nets remaining: 491
Finished routing net _4_[3]
Nets remaining: 490
Finished routing net alreg1._1_[0]
Nets remaining: 489
Finished routing net alreg1._1_[1]
Nets remaining: 488
Finished routing net alreg1._1_[2]
Nets remaining: 487
Finished routing net alreg1._1_[3]
Nets remaining: 486
Finished routing net alreg1._2_[0]
Nets remaining: 485
Finished routing net alreg1._2_[1]
Nets remaining: 484
Finished routing net alreg1._2_[2]
Nets remaining: 483
Finished routing net alreg1._2_[3]
Nets remaining: 482
Finished routing net alreg1._3_[0]
Nets remaining: 481
Finished routing net alreg1._3_[1]
Nets remaining: 480
Finished routing net alreg1._3_[2]
Nets remaining: 479
Finished routing net alreg1._3_[3]
Nets remaining: 478
Finished routing net alreg1._0_[0]
Nets remaining: 477
Finished routing net alreg1._0_[1]
Nets remaining: 476
Finished routing net alreg1._0_[2]
Nets remaining: 475
Finished routing net alreg1._0_[3]
Nets remaining: 474
Finished routing net count1.load_new_c
Nets remaining: 473
Finished routing net _89_
Nets remaining: 472
Finished routing net count1._03_[0]
Nets remaining: 471
Finished routing net _94_
Nets remaining: 470
Finished routing net _97_
Nets remaining: 469
Finished routing net _99_
Nets remaining: 468
Finished routing net _105_
Nets remaining: 467
Finished routing net count1._03_[1]
Nets remaining: 466
Finished routing net _111_
Nets remaining: 465
Finished routing net _112_
Nets remaining: 464
Finished routing net count1._03_[2]
Nets remaining: 463
Finished routing net count1._03_[3]
Nets remaining: 462
Finished routing net count1._01_[0]
Nets remaining: 461
Finished routing net _121_
Nets remaining: 460
Finished routing net count1._01_[1]
Nets remaining: 459
Finished routing net count1._01_[2]
Nets remaining: 458
Finished routing net count1._01_[3]
Nets remaining: 457
Finished routing net count1._00_[0]
Nets remaining: 456
Finished routing net _35_
Nets remaining: 455
Finished routing net _37_
Nets remaining: 454
Finished routing net count1._00_[1]
Nets remaining: 453
Finished routing net _47_
Nets remaining: 452
Finished routing net count1._00_[2]
Nets remaining: 451
Finished routing net _51_
Nets remaining: 450
Finished routing net _55_
Nets remaining: 449
Finished routing net _56_
Nets remaining: 448
Finished routing net count1._00_[3]
Nets remaining: 447
Finished routing net count1._02_[0]
Nets remaining: 446
Finished routing net _65_
Nets remaining: 445
Finished routing net count1._02_[1]
Nets remaining: 444
Finished routing net _71_
Nets remaining: 443
Finished routing net count1._02_[2]
Nets remaining: 442
Finished routing net count1._02_[3]
Nets remaining: 441
Finished routing net key[0]
Nets remaining: 440
Finished routing net key[2]
Nets remaining: 439
Finished routing net key[1]
Nets remaining: 438
Finished routing net key[3]
Nets remaining: 437
Finished routing net _196_
Nets remaining: 436
Keeping route for net _197_
Finished routing net _138_
Nets remaining: 434
Keeping route for net _141_
Finished routing net _147_
Nets remaining: 432
Finished routing net fsm1._01_[0]
Nets remaining: 431
Finished routing net _152_
Nets remaining: 430
Finished routing net fsm1._01_[1]
Nets remaining: 429
Finished routing net fsm1._01_[2]
Nets remaining: 428
Finished routing net fsm1._01_[3]
Nets remaining: 427
Finished routing net _162_
Nets remaining: 426
Finished routing net _165_
Nets remaining: 425
Finished routing net fsm1._00_[0]
Nets remaining: 424
Finished routing net _170_
Nets remaining: 423
Finished routing net fsm1._00_[1]
Nets remaining: 422
Finished routing net fsm1._00_[2]
Nets remaining: 421
Finished routing net fsm1._00_[3]
Nets remaining: 420
Finished routing net _181_
Nets remaining: 419
Finished routing net _183_
Nets remaining: 418
Finished routing net _185_
Nets remaining: 417
Finished routing net fsm1._03_[0]
Nets remaining: 416
Finished routing net _189_
Nets remaining: 415
Finished routing net fsm1._03_[1]
Nets remaining: 414
Finished routing net fsm1._03_[2]
Nets remaining: 413
Finished routing net _193_
Nets remaining: 412
Finished routing net keyreg1._2_[0]
Nets remaining: 411
Finished routing net keyreg1._2_[1]
Nets remaining: 410
Finished routing net keyreg1._2_[2]
Nets remaining: 409
Finished routing net keyreg1._2_[3]
Nets remaining: 408
Finished routing net keyreg1._1_[0]
Nets remaining: 407
Finished routing net keyreg1._1_[1]
Nets remaining: 406
Finished routing net keyreg1._1_[2]
Nets remaining: 405
Finished routing net keyreg1._1_[3]
Nets remaining: 404
Finished routing net keyreg1._0_[0]
Nets remaining: 403
Finished routing net keyreg1._0_[1]
Nets remaining: 402
Finished routing net keyreg1._0_[2]
Nets remaining: 401
Finished routing net keyreg1._0_[3]
Nets remaining: 400
Finished routing net keyreg1._3_[0]
Nets remaining: 399
Finished routing net keyreg1._3_[1]
Nets remaining: 398
Keeping route for net keyreg1._3_[2]
Finished routing net keyreg1._3_[3]
Nets remaining: 396
Finished routing net _240_
Nets remaining: 395
Finished routing net _262_
Nets remaining: 394
Finished routing net _284_
Nets remaining: 393
Finished routing net _306_
Nets remaining: 392
Finished routing net fastwatch
Nets remaining: 391
Finished routing net _341_
Nets remaining: 390
Finished routing net _342_
Nets remaining: 389
Keeping route for net _343_
Finished routing net _346_
Nets remaining: 387
Keeping route for net _347_
Keeping route for net _349_
Finished routing net _350_
Nets remaining: 384
Keeping route for net _351_
Keeping route for net _352_
Keeping route for net _355_
Keeping route for net _356_
Keeping route for net _357_
Keeping route for net _358_
Keeping route for net _359_
Keeping route for net _362_
Finished routing net _363_
Nets remaining: 375
Finished routing net _364_
Nets remaining: 374
Keeping route for net _365_
Keeping route for net _311_
Finished routing net _312_
Nets remaining: 371
Finished routing net _313_
Nets remaining: 370
Finished routing net _315_
Nets remaining: 369
Finished routing net _316_
Nets remaining: 368
Finished routing net _0_
Nets remaining: 367
Finished routing net alarm_sound
Nets remaining: 366
Keeping route for net _1_[0]
Finished routing net ls_hour[0]
Nets remaining: 364
Finished routing net _1_[1]
Nets remaining: 363
Finished routing net ls_hour[1]
Nets remaining: 362
Keeping route for net _1_[2]
Keeping route for net ls_hour[2]
Keeping route for net ls_hour[3]
Keeping route for net ls_hour[4]
Keeping route for net ls_hour[5]
Finished routing net ls_hour[6]
Nets remaining: 356
Finished routing net ls_hour[7]
Nets remaining: 355
Finished routing net _2_[0]
Nets remaining: 354
Finished routing net ls_minute[0]
Nets remaining: 353
Finished routing net _2_[1]
Nets remaining: 352
Finished routing net ls_minute[1]
Nets remaining: 351
Finished routing net _2_[2]
Nets remaining: 350
Finished routing net ls_minute[2]
Nets remaining: 349
Finished routing net ls_minute[3]
Nets remaining: 348
Keeping route for net ls_minute[4]
Keeping route for net ls_minute[5]
Keeping route for net ls_minute[6]
Finished routing net ls_minute[7]
Nets remaining: 344
Keeping route for net _3_[0]
Keeping route for net ms_hour[0]
Finished routing net _3_[1]
Nets remaining: 341
Keeping route for net ms_hour[1]
Finished routing net _3_[2]
Nets remaining: 339
Finished routing net ms_hour[2]
Nets remaining: 338
Finished routing net ms_hour[3]
Nets remaining: 337
Finished routing net ms_hour[4]
Nets remaining: 336
Finished routing net ms_hour[5]
Nets remaining: 335
Finished routing net ms_hour[6]
Nets remaining: 334
Finished routing net ms_hour[7]
Nets remaining: 333
Keeping route for net _4_[0]
Finished routing net ms_minute[0]
Nets remaining: 331
Finished routing net _4_[1]
Nets remaining: 330
Keeping route for net ms_minute[1]
Finished routing net _4_[2]
Nets remaining: 328
Finished routing net ms_minute[2]
Nets remaining: 327
Keeping route for net ms_minute[3]
Finished routing net ms_minute[4]
Nets remaining: 325
Finished routing net ms_minute[5]
Nets remaining: 324
Keeping route for net ms_minute[6]
Finished routing net ms_minute[7]
Nets remaining: 322
Keeping route for net _5_
Finished routing net _6_
Nets remaining: 320
Finished routing net _7_
Nets remaining: 319
Finished routing net _8_
Nets remaining: 318
Finished routing net _9_
Nets remaining: 317
Finished routing net _10_
Nets remaining: 316
Finished routing net _11_
Nets remaining: 315
Finished routing net _12_
Nets remaining: 314
Finished routing net _13_
Nets remaining: 313
Keeping route for net _14_
Finished routing net _15_
Nets remaining: 311
Finished routing net _16_
Nets remaining: 310
Finished routing net _17_
Nets remaining: 309
Finished routing net _18_
Nets remaining: 308
Keeping route for net _19_
Keeping route for net _20_
Keeping route for net _87_
Finished routing net _91_
Nets remaining: 304
Finished routing net _93_
Nets remaining: 303
Finished routing net _95_
Nets remaining: 302
Finished routing net _101_
Nets remaining: 301
Finished routing net _103_
Nets remaining: 300
Keeping route for net _104_
Keeping route for net _108_
Finished routing net _109_
Nets remaining: 297
Finished routing net _110_
Nets remaining: 296
Finished routing net _113_
Nets remaining: 295
Finished routing net _114_
Nets remaining: 294
Finished routing net _115_
Nets remaining: 293
Keeping route for net _116_
Finished routing net _117_
Nets remaining: 291
Finished routing net _118_
Nets remaining: 290
Keeping route for net _119_
Finished routing net _120_
Nets remaining: 288
Keeping route for net _122_
Finished routing net _123_
Nets remaining: 286
Keeping route for net _124_
Finished routing net _125_
Nets remaining: 284
Finished routing net _22_
Nets remaining: 283
Finished routing net _23_
Nets remaining: 282
Keeping route for net _24_
Finished routing net _25_
Nets remaining: 280
Finished routing net _26_
Nets remaining: 279
Finished routing net _27_
Nets remaining: 278
Finished routing net _29_
Nets remaining: 277
Keeping route for net _30_
Finished routing net _32_
Nets remaining: 275
Finished routing net _38_
Nets remaining: 274
Finished routing net _40_
Nets remaining: 273
Keeping route for net _41_
Finished routing net _43_
Nets remaining: 271
Finished routing net _45_
Nets remaining: 270
Finished routing net _46_
Nets remaining: 269
Keeping route for net _48_
Finished routing net _49_
Nets remaining: 267
Finished routing net _50_
Nets remaining: 266
Finished routing net _52_
Nets remaining: 265
Keeping route for net _53_
Finished routing net _54_
Nets remaining: 263
Finished routing net _57_
Nets remaining: 262
Finished routing net _58_
Nets remaining: 261
Finished routing net _59_
Nets remaining: 260
Keeping route for net _60_
Finished routing net _61_
Nets remaining: 258
Keeping route for net _62_
Keeping route for net _63_
Finished routing net _64_
Nets remaining: 255
Finished routing net _66_
Nets remaining: 254
Finished routing net _68_
Nets remaining: 253
Finished routing net _69_
Nets remaining: 252
Finished routing net _70_
Nets remaining: 251
Finished routing net _72_
Nets remaining: 250
Finished routing net _73_
Nets remaining: 249
Keeping route for net _74_
Finished routing net _75_
Nets remaining: 247
Finished routing net _76_
Nets remaining: 246
Finished routing net _77_
Nets remaining: 245
Keeping route for net _78_
Finished routing net _79_
Nets remaining: 243
Finished routing net _80_
Nets remaining: 242
Finished routing net _81_
Nets remaining: 241
Finished routing net _82_
Nets remaining: 240
Finished routing net _83_
Nets remaining: 239
Finished routing net _194_
Nets remaining: 238
Finished routing net _195_
Nets remaining: 237
Keeping route for net _201_
Keeping route for net _202_
Finished routing net _139_
Nets remaining: 234
Finished routing net _142_
Nets remaining: 233
Finished routing net _144_
Nets remaining: 232
Finished routing net _145_
Nets remaining: 231
Keeping route for net _148_
Finished routing net _149_
Nets remaining: 229
Finished routing net _151_
Nets remaining: 228
Keeping route for net _154_
Finished routing net _155_
Nets remaining: 226
Keeping route for net _156_
Finished routing net _157_
Nets remaining: 224
Keeping route for net _158_
Finished routing net _159_
Nets remaining: 222
Finished routing net _161_
Nets remaining: 221
Finished routing net _163_
Nets remaining: 220
Finished routing net _164_
Nets remaining: 219
Keeping route for net _166_
Finished routing net _167_
Nets remaining: 217
Keeping route for net _169_
Finished routing net _172_
Nets remaining: 215
Finished routing net _173_
Nets remaining: 214
Keeping route for net _174_
Finished routing net _175_
Nets remaining: 212
Keeping route for net _176_
Finished routing net fsm1._19_
Nets remaining: 210
Keeping route for net _128_[2]
Keeping route for net _178_
Keeping route for net _179_
Keeping route for net _180_
Finished routing net fsm1._09_[2]
Nets remaining: 205
Keeping route for net _127_[2]
Finished routing net fsm1._07_[2]
Nets remaining: 203
Finished routing net fsm1._04_[1]
Nets remaining: 202
Keeping route for net _184_
Keeping route for net _186_
Finished routing net _187_
Nets remaining: 199
Finished routing net _188_
Nets remaining: 198
Finished routing net fsm1._08_[2]
Nets remaining: 197
Finished routing net _190_
Nets remaining: 196
Finished routing net _191_
Nets remaining: 195
Finished routing net _192_
Nets remaining: 194
Finished routing net _203_
Nets remaining: 193
Finished routing net _204_
Nets remaining: 192
Finished routing net _205_
Nets remaining: 191
Finished routing net _206_
Nets remaining: 190
Keeping route for net _207_
Finished routing net _208_
Nets remaining: 188
Finished routing net _209_
Nets remaining: 187
Finished routing net _210_
Nets remaining: 186
Finished routing net _211_
Nets remaining: 185
Keeping route for net _212_
Finished routing net _213_
Nets remaining: 183
Finished routing net _214_
Nets remaining: 182
Finished routing net _215_
Nets remaining: 181
Keeping route for net _216_
Finished routing net _217_
Nets remaining: 179
Finished routing net _218_
Nets remaining: 178
Finished routing net lcd_disp.LS_HR.sound_alarm
Nets remaining: 177
Finished routing net lcd_disp.MS_HR.sound_alarm
Nets remaining: 176
Keeping route for net _219_
Finished routing net lcd_disp.MS_MIN.sound_alarm
Nets remaining: 174
Finished routing net lcd_disp.LS_MIN.sound_alarm
Nets remaining: 173
Finished routing net _220_
Nets remaining: 172
Finished routing net _223_
Nets remaining: 171
Finished routing net _224_
Nets remaining: 170
Finished routing net _225_
Nets remaining: 169
Finished routing net _226_
Nets remaining: 168
Finished routing net _227_
Nets remaining: 167
Finished routing net _228_
Nets remaining: 166
Finished routing net _229_
Nets remaining: 165
Keeping route for net _230_
Keeping route for net _231_
Keeping route for net _232_
Finished routing net _233_
Nets remaining: 161
Keeping route for net _234_
Keeping route for net _235_
Keeping route for net _236_
Keeping route for net _237_
Finished routing net _238_
Nets remaining: 156
Finished routing net _242_
Nets remaining: 155
Keeping route for net _245_
Finished routing net _246_
Nets remaining: 153
Keeping route for net _247_
Finished routing net _248_
Nets remaining: 151
Finished routing net _249_
Nets remaining: 150
Finished routing net _250_
Nets remaining: 149
Finished routing net _251_
Nets remaining: 148
Keeping route for net _252_
Keeping route for net _253_
Keeping route for net _254_
Keeping route for net _255_
Keeping route for net _256_
Keeping route for net _257_
Failed to remove stacked via at grid point 153 97.
Failed to route net _258_; restoring original
Finished routing net _259_
Nets remaining: 140
Finished routing net _260_
Nets remaining: 139
Keeping route for net _264_
Finished routing net _267_
Nets remaining: 137
Finished routing net _268_
Nets remaining: 136
Finished routing net _269_
Nets remaining: 135
Finished routing net _270_
Nets remaining: 134
Finished routing net _271_
Nets remaining: 133
Finished routing net _272_
Nets remaining: 132
Keeping route for net _273_
Keeping route for net _274_
Keeping route for net _275_
Keeping route for net _276_
Keeping route for net _277_
Keeping route for net _278_
Keeping route for net _279_
Keeping route for net _280_
Finished routing net _281_
Nets remaining: 123
Finished routing net _282_
Nets remaining: 122
Finished routing net _286_
Nets remaining: 121
Finished routing net _289_
Nets remaining: 120
Keeping route for net _290_
Keeping route for net _291_
Finished routing net _292_
Nets remaining: 117
Finished routing net _293_
Nets remaining: 116
Finished routing net _294_
Nets remaining: 115
Finished routing net _295_
Nets remaining: 114
Keeping route for net _296_
Finished routing net _297_
Nets remaining: 112
Keeping route for net _298_
Keeping route for net _299_
Keeping route for net _300_
Finished routing net _301_
Nets remaining: 108
Keeping route for net _302_
Keeping route for net _303_
Finished routing net _304_
Nets remaining: 105
Keeping route for net _308_
Finished routing net _317_
Nets remaining: 103
Finished routing net _318_
Nets remaining: 102
Finished routing net _326_
Nets remaining: 101
Keeping route for net _327_
Finished routing net _328_
Nets remaining: 99
Finished routing net _336_
Nets remaining: 98
Finished routing net _338_
Nets remaining: 97
Keeping route for net _340_

----------------------------------------------
Progress: Stage 3 total routes completed: 3017
No failed routes!
----------------------------------------------
*** Running stage3 routing with defaults, 2nd round
Finished routing net gnd
Nets remaining: 700
Finished routing net alreg1.load_new_alarm
Nets remaining: 699
Finished routing net _92_
Nets remaining: 698
Finished routing net fsm1.shift
Nets remaining: 697
Finished routing net vdd
Nets remaining: 696
Finished routing net reset_bF$buf9
Nets remaining: 695
Finished routing net reset_bF$buf8
Nets remaining: 694
Finished routing net reset_bF$buf7
Nets remaining: 693
Finished routing net reset_bF$buf6
Nets remaining: 692
Finished routing net reset_bF$buf5
Nets remaining: 691
Finished routing net reset_bF$buf4
Nets remaining: 690
Finished routing net reset_bF$buf3
Nets remaining: 689
Finished routing net reset_bF$buf2
Nets remaining: 688
Finished routing net reset_bF$buf1
Nets remaining: 687
Finished routing net reset_bF$buf0
Nets remaining: 686
Finished routing net clock_bF$buf7
Nets remaining: 685
Finished routing net clock_bF$buf6
Nets remaining: 684
Finished routing net clock_bF$buf5
Nets remaining: 683
Finished routing net reset
Nets remaining: 682
Finished routing net _324_
Nets remaining: 681
Finished routing net clock_bF$buf4
Nets remaining: 680
Finished routing net clock_bF$buf3
Nets remaining: 679
Finished routing net clock_bF$buf2
Nets remaining: 678
Finished routing net clock_bF$buf1
Nets remaining: 677
Finished routing net clock_bF$buf0
Nets remaining: 676
Finished routing net clock
Nets remaining: 675
Finished routing net fsm1.pre_state[0]
Nets remaining: 674
Finished routing net fsm1._25__bF$buf4
Nets remaining: 673
Finished routing net fsm1._25__bF$buf3
Nets remaining: 672
Finished routing net fsm1._25__bF$buf2
Nets remaining: 671
Finished routing net _84__bF$buf4
Nets remaining: 670
Finished routing net _84__bF$buf3
Nets remaining: 669
Finished routing net fsm1.one_second
Nets remaining: 668
Finished routing net count1.current_time_ms_min[0]
Nets remaining: 667
Finished routing net count1.current_time_ls_min[0]
Nets remaining: 666
Finished routing net count1.current_time_ls_min[1]
Nets remaining: 665
Finished routing net _90_
Nets remaining: 664
Finished routing net count1.current_time_ms_min[1]
Nets remaining: 663
Finished routing net count1.current_time_ms_hr[1]
Nets remaining: 662
Finished routing net fsm1._22_
Nets remaining: 661
Finished routing net fsm1._25__bF$buf1
Nets remaining: 660
Finished routing net fsm1._25__bF$buf0
Nets remaining: 659
Finished routing net _84__bF$buf2
Nets remaining: 658
Finished routing net _84__bF$buf1
Nets remaining: 657
Finished routing net _84__bF$buf0
Nets remaining: 656
Finished routing net alreg1.new_alarm_ls_min[0]
Nets remaining: 655
Finished routing net alreg1.new_alarm_ls_min[1]
Nets remaining: 654
Finished routing net alreg1.new_alarm_ls_min[2]
Nets remaining: 653
Finished routing net alreg1.new_alarm_ls_min[3]
Nets remaining: 652
Finished routing net alreg1.new_alarm_ms_min[0]
Nets remaining: 651
Finished routing net alreg1.new_alarm_ms_min[1]
Nets remaining: 650
Finished routing net alreg1.new_alarm_ms_min[2]
Nets remaining: 649
Finished routing net alreg1.new_alarm_ms_min[3]
Nets remaining: 648
Finished routing net alreg1.new_alarm_ls_hr[0]
Nets remaining: 647
Finished routing net alreg1.new_alarm_ls_hr[1]
Nets remaining: 646
Finished routing net alreg1.new_alarm_ls_hr[2]
Nets remaining: 645
Finished routing net alreg1.new_alarm_ls_hr[3]
Nets remaining: 644
Finished routing net count1.current_time_ms_min[3]
Nets remaining: 643
Finished routing net count1.current_time_ms_min[2]
Nets remaining: 642
Finished routing net count1.current_time_ls_hr[0]
Nets remaining: 641
Finished routing net count1.current_time_ls_hr[1]
Nets remaining: 640
Finished routing net count1.current_time_ls_hr[2]
Nets remaining: 639
Finished routing net count1.current_time_ls_hr[3]
Nets remaining: 638
Finished routing net count1.current_time_ms_hr[0]
Nets remaining: 637
Finished routing net count1.current_time_ms_hr[3]
Nets remaining: 636
Finished routing net count1.current_time_ms_hr[2]
Nets remaining: 635
Finished routing net fsm1.pre_state[2]
Nets remaining: 634
Finished routing net fsm1.show_new_time_bF$buf3
Nets remaining: 633
Finished routing net fsm1.show_new_time_bF$buf2
Nets remaining: 632
Finished routing net fsm1.show_new_time_bF$buf1
Nets remaining: 631
Finished routing net fsm1.show_new_time_bF$buf0
Nets remaining: 630
Finished routing net fsm1._25_
Nets remaining: 629
Finished routing net _84_
Nets remaining: 628
Finished routing net tgen1.count[2]
Nets remaining: 627
Finished routing net tgen1.count[4]
Nets remaining: 626
Finished routing net tgen1.count[5]
Nets remaining: 625
Finished routing net _325_
Nets remaining: 624
Finished routing net tgen1.count[11]
Nets remaining: 623
Finished routing net alarm_time_ls_min[0]
Nets remaining: 622
Finished routing net alarm_time_ls_min[1]
Nets remaining: 621
Finished routing net alreg1.new_alarm_ms_hr[0]
Nets remaining: 620
Finished routing net alarm_time_ms_hr[0]
Nets remaining: 619
Finished routing net alreg1.new_alarm_ms_hr[1]
Nets remaining: 618
Finished routing net alarm_time_ms_hr[1]
Nets remaining: 617
Finished routing net alreg1.new_alarm_ms_hr[2]
Nets remaining: 616
Finished routing net alreg1.new_alarm_ms_hr[3]
Nets remaining: 615
Finished routing net alarm_time_ms_min[0]
Nets remaining: 614
Finished routing net alarm_time_ms_min[1]
Nets remaining: 613
Finished routing net alarm_time_ls_hr[0]
Nets remaining: 612
Finished routing net alarm_time_ls_hr[1]
Nets remaining: 611
Finished routing net count1.current_time_ls_min[3]
Nets remaining: 610
Finished routing net count1.current_time_ls_min[2]
Nets remaining: 609
Finished routing net _102_
Nets remaining: 608
Finished routing net _107_
Nets remaining: 607
Finished routing net fsm1.pre_state[1]
Nets remaining: 606
Finished routing net _198_
Nets remaining: 605
Finished routing net _199_
Nets remaining: 604
Finished routing net fsm1.count2[0]
Nets remaining: 603
Finished routing net fsm1.count1[0]
Nets remaining: 602
Finished routing net _177_
Nets remaining: 601
Finished routing net alarm_button
Nets remaining: 600
Finished routing net _182_
Nets remaining: 599
Finished routing net fsm1.show_new_time
Nets remaining: 598
Finished routing net _339_
Nets remaining: 597
Finished routing net _320_
Nets remaining: 596
Finished routing net _322_
Nets remaining: 595
Finished routing net _345_
Nets remaining: 594
Finished routing net tgen1.count[6]
Nets remaining: 593
Finished routing net tgen1.count[7]
Nets remaining: 592
Finished routing net _323_
Nets remaining: 591
Finished routing net tgen1.count[10]
Nets remaining: 590
Finished routing net _333_
Nets remaining: 589
Finished routing net tgen1.count[13]
Nets remaining: 588
Finished routing net tgen1.count[0]
Nets remaining: 587
Finished routing net alarm_time_ls_min[2]
Nets remaining: 586
Finished routing net alarm_time_ls_min[3]
Nets remaining: 585
Finished routing net alarm_time_ms_hr[2]
Nets remaining: 584
Finished routing net alarm_time_ms_hr[3]
Nets remaining: 583
Finished routing net alarm_time_ms_min[2]
Nets remaining: 582
Finished routing net alarm_time_ms_min[3]
Nets remaining: 581
Finished routing net alarm_time_ls_hr[2]
Nets remaining: 580
Finished routing net alarm_time_ls_hr[3]
Nets remaining: 579
Finished routing net _106_
Nets remaining: 578
Finished routing net _28_
Nets remaining: 577
Finished routing net _36_
Nets remaining: 576
Finished routing net _39_
Nets remaining: 575
Finished routing net fsm1._24_
Nets remaining: 574
Finished routing net _134_
Nets remaining: 573
Finished routing net fsm1.count2[1]
Nets remaining: 572
Finished routing net fsm1.count2[3]
Nets remaining: 571
Finished routing net _143_
Nets remaining: 570
Finished routing net _146_
Nets remaining: 569
Finished routing net _150_
Nets remaining: 568
Finished routing net fsm1.count1[1]
Nets remaining: 567
Finished routing net fsm1.count1[3]
Nets remaining: 566
Finished routing net _168_
Nets remaining: 565
Finished routing net tgen1.count[3]
Nets remaining: 564
Finished routing net _321_
Nets remaining: 563
Finished routing net _329_
Nets remaining: 562
Finished routing net tgen1.count[8]
Nets remaining: 561
Finished routing net tgen1.count[9]
Nets remaining: 560
Finished routing net _332_
Nets remaining: 559
Finished routing net _360_
Nets remaining: 558
Finished routing net _335_
Nets remaining: 557
Finished routing net _361_
Nets remaining: 556
Finished routing net _337_
Nets remaining: 555
Finished routing net _310_
Nets remaining: 554
Finished routing net tgen1.count[12]
Nets remaining: 553
Finished routing net _334_
Nets remaining: 552
Finished routing net tgen1.count[1]
Nets remaining: 551
Finished routing net _85_
Nets remaining: 550
Finished routing net _86_
Nets remaining: 549
Finished routing net count1.one_minute
Nets remaining: 548
Finished routing net _88_
Nets remaining: 547
Finished routing net _96_
Nets remaining: 546
Finished routing net _98_
Nets remaining: 545
Finished routing net _100_
Nets remaining: 544
Finished routing net _21_
Nets remaining: 543
Finished routing net _31_
Nets remaining: 542
Finished routing net _33_
Nets remaining: 541
Finished routing net _34_
Nets remaining: 540
Finished routing net _42_
Nets remaining: 539
Finished routing net _44_
Nets remaining: 538
Finished routing net _67_
Nets remaining: 537
Finished routing net fsm1._39_
Nets remaining: 536
Finished routing net _200_
Nets remaining: 535
Finished routing net fsm1.count2[2]
Nets remaining: 534
Finished routing net _140_
Nets remaining: 533
Finished routing net _153_
Nets remaining: 532
Finished routing net fsm1.count1[2]
Nets remaining: 531
Finished routing net _160_
Nets remaining: 530
Finished routing net _171_
Nets remaining: 529
Finished routing net time_button
Nets remaining: 528
Finished routing net _239_
Nets remaining: 527
Finished routing net _241_
Nets remaining: 526
Finished routing net _261_
Nets remaining: 525
Finished routing net _263_
Nets remaining: 524
Finished routing net _283_
Nets remaining: 523
Finished routing net _285_
Nets remaining: 522
Finished routing net _305_
Nets remaining: 521
Finished routing net _307_
Nets remaining: 520
Finished routing net tgen1._00_[2]
Nets remaining: 519
Finished routing net tgen1._00_[3]
Nets remaining: 518
Finished routing net _344_
Nets remaining: 517
Finished routing net tgen1._00_[4]
Nets remaining: 516
Finished routing net _348_
Nets remaining: 515
Finished routing net tgen1._00_[5]
Nets remaining: 514
Finished routing net tgen1._00_[6]
Nets remaining: 513
Finished routing net _331_
Nets remaining: 512
Finished routing net _330_
Nets remaining: 511
Finished routing net tgen1._00_[7]
Nets remaining: 510
Finished routing net _353_
Nets remaining: 509
Finished routing net _354_
Nets remaining: 508
Finished routing net tgen1._00_[8]
Nets remaining: 507
Finished routing net tgen1._00_[9]
Nets remaining: 506
Finished routing net _319_
Nets remaining: 505
Finished routing net tgen1._00_[10]
Nets remaining: 504
Finished routing net _309_
Nets remaining: 503
Finished routing net tgen1._00_[11]
Nets remaining: 502
Finished routing net tgen1._00_[12]
Nets remaining: 501
Finished routing net _314_
Nets remaining: 500
Finished routing net tgen1._00_[13]
Nets remaining: 499
Finished routing net tgen1._03_
Nets remaining: 498
Finished routing net tgen1._00_[0]
Nets remaining: 497
Finished routing net tgen1._00_[1]
Nets remaining: 496
Finished routing net tgen1._02_
Nets remaining: 495
Finished routing net tgen1.one_minute_reg
Nets remaining: 494
Finished routing net _1_[3]
Nets remaining: 493
Finished routing net _2_[3]
Nets remaining: 492
Finished routing net _3_[3]
Nets remaining: 491
Finished routing net _4_[3]
Nets remaining: 490
Finished routing net alreg1._1_[0]
Nets remaining: 489
Finished routing net alreg1._1_[1]
Nets remaining: 488
Finished routing net alreg1._1_[2]
Nets remaining: 487
Finished routing net alreg1._1_[3]
Nets remaining: 486
Finished routing net alreg1._2_[0]
Nets remaining: 485
Finished routing net alreg1._2_[1]
Nets remaining: 484
Finished routing net alreg1._2_[2]
Nets remaining: 483
Finished routing net alreg1._2_[3]
Nets remaining: 482
Finished routing net alreg1._3_[0]
Nets remaining: 481
Finished routing net alreg1._3_[1]
Nets remaining: 480
Finished routing net alreg1._3_[2]
Nets remaining: 479
Finished routing net alreg1._3_[3]
Nets remaining: 478
Finished routing net alreg1._0_[0]
Nets remaining: 477
Finished routing net alreg1._0_[1]
Nets remaining: 476
Finished routing net alreg1._0_[2]
Nets remaining: 475
Finished routing net alreg1._0_[3]
Nets remaining: 474
Finished routing net count1.load_new_c
Nets remaining: 473
Finished routing net _89_
Nets remaining: 472
Finished routing net count1._03_[0]
Nets remaining: 471
Finished routing net _94_
Nets remaining: 470
Finished routing net _97_
Nets remaining: 469
Finished routing net _99_
Nets remaining: 468
Finished routing net _105_
Nets remaining: 467
Finished routing net count1._03_[1]
Nets remaining: 466
Finished routing net _111_
Nets remaining: 465
Finished routing net _112_
Nets remaining: 464
Finished routing net count1._03_[2]
Nets remaining: 463
Finished routing net count1._03_[3]
Nets remaining: 462
Finished routing net count1._01_[0]
Nets remaining: 461
Finished routing net _121_
Nets remaining: 460
Finished routing net count1._01_[1]
Nets remaining: 459
Finished routing net count1._01_[2]
Nets remaining: 458
Finished routing net count1._01_[3]
Nets remaining: 457
Finished routing net count1._00_[0]
Nets remaining: 456
Finished routing net _35_
Nets remaining: 455
Finished routing net _37_
Nets remaining: 454
Finished routing net count1._00_[1]
Nets remaining: 453
Finished routing net _47_
Nets remaining: 452
Finished routing net count1._00_[2]
Nets remaining: 451
Finished routing net _51_
Nets remaining: 450
Finished routing net _55_
Nets remaining: 449
Finished routing net _56_
Nets remaining: 448
Finished routing net count1._00_[3]
Nets remaining: 447
Finished routing net count1._02_[0]
Nets remaining: 446
Finished routing net _65_
Nets remaining: 445
Finished routing net count1._02_[1]
Nets remaining: 444
Finished routing net _71_
Nets remaining: 443
Finished routing net count1._02_[2]
Nets remaining: 442
Finished routing net count1._02_[3]
Nets remaining: 441
Finished routing net key[0]
Nets remaining: 440
Keeping route for net key[2]
Finished routing net key[1]
Nets remaining: 438
Finished routing net key[3]
Nets remaining: 437
Finished routing net _196_
Nets remaining: 436
Keeping route for net _197_
Finished routing net _138_
Nets remaining: 434
Keeping route for net _141_
Finished routing net _147_
Nets remaining: 432
Finished routing net fsm1._01_[0]
Nets remaining: 431
Finished routing net _152_
Nets remaining: 430
Finished routing net fsm1._01_[1]
Nets remaining: 429
Finished routing net fsm1._01_[2]
Nets remaining: 428
Finished routing net fsm1._01_[3]
Nets remaining: 427
Finished routing net _162_
Nets remaining: 426
Finished routing net _165_
Nets remaining: 425
Finished routing net fsm1._00_[0]
Nets remaining: 424
Finished routing net _170_
Nets remaining: 423
Finished routing net fsm1._00_[1]
Nets remaining: 422
Finished routing net fsm1._00_[2]
Nets remaining: 421
Finished routing net fsm1._00_[3]
Nets remaining: 420
Finished routing net _181_
Nets remaining: 419
Finished routing net _183_
Nets remaining: 418
Finished routing net _185_
Nets remaining: 417
Finished routing net fsm1._03_[0]
Nets remaining: 416
Finished routing net _189_
Nets remaining: 415
Finished routing net fsm1._03_[1]
Nets remaining: 414
Finished routing net fsm1._03_[2]
Nets remaining: 413
Finished routing net _193_
Nets remaining: 412
Finished routing net keyreg1._2_[0]
Nets remaining: 411
Finished routing net keyreg1._2_[1]
Nets remaining: 410
Finished routing net keyreg1._2_[2]
Nets remaining: 409
Finished routing net keyreg1._2_[3]
Nets remaining: 408
Finished routing net keyreg1._1_[0]
Nets remaining: 407
Finished routing net keyreg1._1_[1]
Nets remaining: 406
Finished routing net keyreg1._1_[2]
Nets remaining: 405
Finished routing net keyreg1._1_[3]
Nets remaining: 404
Finished routing net keyreg1._0_[0]
Nets remaining: 403
Finished routing net keyreg1._0_[1]
Nets remaining: 402
Finished routing net keyreg1._0_[2]
Nets remaining: 401
Finished routing net keyreg1._0_[3]
Nets remaining: 400
Finished routing net keyreg1._3_[0]
Nets remaining: 399
Finished routing net keyreg1._3_[1]
Nets remaining: 398
Keeping route for net keyreg1._3_[2]
Finished routing net keyreg1._3_[3]
Nets remaining: 396
Finished routing net _240_
Nets remaining: 395
Finished routing net _262_
Nets remaining: 394
Finished routing net _284_
Nets remaining: 393
Finished routing net _306_
Nets remaining: 392
Finished routing net fastwatch
Nets remaining: 391
Finished routing net _341_
Nets remaining: 390
Finished routing net _342_
Nets remaining: 389
Keeping route for net _343_
Finished routing net _346_
Nets remaining: 387
Keeping route for net _347_
Keeping route for net _349_
Finished routing net _350_
Nets remaining: 384
Keeping route for net _351_
Keeping route for net _352_
Keeping route for net _355_
Keeping route for net _356_
Keeping route for net _357_
Keeping route for net _358_
Keeping route for net _359_
Keeping route for net _362_
Finished routing net _363_
Nets remaining: 375
Finished routing net _364_
Nets remaining: 374
Keeping route for net _365_
Keeping route for net _311_
Finished routing net _312_
Nets remaining: 371
Finished routing net _313_
Nets remaining: 370
Finished routing net _315_
Nets remaining: 369
Finished routing net _316_
Nets remaining: 368
Finished routing net _0_
Nets remaining: 367
Finished routing net alarm_sound
Nets remaining: 366
Keeping route for net _1_[0]
Finished routing net ls_hour[0]
Nets remaining: 364
Finished routing net _1_[1]
Nets remaining: 363
Finished routing net ls_hour[1]
Nets remaining: 362
Keeping route for net _1_[2]
Keeping route for net ls_hour[2]
Keeping route for net ls_hour[3]
Keeping route for net ls_hour[4]
Keeping route for net ls_hour[5]
Finished routing net ls_hour[6]
Nets remaining: 356
Finished routing net ls_hour[7]
Nets remaining: 355
Finished routing net _2_[0]
Nets remaining: 354
Finished routing net ls_minute[0]
Nets remaining: 353
Finished routing net _2_[1]
Nets remaining: 352
Finished routing net ls_minute[1]
Nets remaining: 351
Finished routing net _2_[2]
Nets remaining: 350
Finished routing net ls_minute[2]
Nets remaining: 349
Finished routing net ls_minute[3]
Nets remaining: 348
Keeping route for net ls_minute[4]
Keeping route for net ls_minute[5]
Keeping route for net ls_minute[6]
Finished routing net ls_minute[7]
Nets remaining: 344
Keeping route for net _3_[0]
Keeping route for net ms_hour[0]
Finished routing net _3_[1]
Nets remaining: 341
Keeping route for net ms_hour[1]
Finished routing net _3_[2]
Nets remaining: 339
Finished routing net ms_hour[2]
Nets remaining: 338
Finished routing net ms_hour[3]
Nets remaining: 337
Keeping route for net ms_hour[4]
Finished routing net ms_hour[5]
Nets remaining: 335
Finished routing net ms_hour[6]
Nets remaining: 334
Finished routing net ms_hour[7]
Nets remaining: 333
Keeping route for net _4_[0]
Finished routing net ms_minute[0]
Nets remaining: 331
Finished routing net _4_[1]
Nets remaining: 330
Keeping route for net ms_minute[1]
Finished routing net _4_[2]
Nets remaining: 328
Finished routing net ms_minute[2]
Nets remaining: 327
Keeping route for net ms_minute[3]
Finished routing net ms_minute[4]
Nets remaining: 325
Finished routing net ms_minute[5]
Nets remaining: 324
Keeping route for net ms_minute[6]
Finished routing net ms_minute[7]
Nets remaining: 322
Keeping route for net _5_
Finished routing net _6_
Nets remaining: 320
Finished routing net _7_
Nets remaining: 319
Finished routing net _8_
Nets remaining: 318
Finished routing net _9_
Nets remaining: 317
Finished routing net _10_
Nets remaining: 316
Finished routing net _11_
Nets remaining: 315
Finished routing net _12_
Nets remaining: 314
Finished routing net _13_
Nets remaining: 313
Keeping route for net _14_
Finished routing net _15_
Nets remaining: 311
Finished routing net _16_
Nets remaining: 310
Finished routing net _17_
Nets remaining: 309
Finished routing net _18_
Nets remaining: 308
Keeping route for net _19_
Keeping route for net _20_
Keeping route for net _87_
Finished routing net _91_
Nets remaining: 304
Finished routing net _93_
Nets remaining: 303
Finished routing net _95_
Nets remaining: 302
Finished routing net _101_
Nets remaining: 301
Finished routing net _103_
Nets remaining: 300
Keeping route for net _104_
Keeping route for net _108_
Finished routing net _109_
Nets remaining: 297
Finished routing net _110_
Nets remaining: 296
Finished routing net _113_
Nets remaining: 295
Finished routing net _114_
Nets remaining: 294
Finished routing net _115_
Nets remaining: 293
Keeping route for net _116_
Finished routing net _117_
Nets remaining: 291
Finished routing net _118_
Nets remaining: 290
Keeping route for net _119_
Finished routing net _120_
Nets remaining: 288
Keeping route for net _122_
Finished routing net _123_
Nets remaining: 286
Keeping route for net _124_
Finished routing net _125_
Nets remaining: 284
Finished routing net _22_
Nets remaining: 283
Keeping route for net _23_
Keeping route for net _24_
Finished routing net _25_
Nets remaining: 280
Finished routing net _26_
Nets remaining: 279
Finished routing net _27_
Nets remaining: 278
Finished routing net _29_
Nets remaining: 277
Keeping route for net _30_
Finished routing net _32_
Nets remaining: 275
Finished routing net _38_
Nets remaining: 274
Finished routing net _40_
Nets remaining: 273
Keeping route for net _41_
Finished routing net _43_
Nets remaining: 271
Finished routing net _45_
Nets remaining: 270
Finished routing net _46_
Nets remaining: 269
Keeping route for net _48_
Finished routing net _49_
Nets remaining: 267
Finished routing net _50_
Nets remaining: 266
Finished routing net _52_
Nets remaining: 265
Keeping route for net _53_
Finished routing net _54_
Nets remaining: 263
Finished routing net _57_
Nets remaining: 262
Finished routing net _58_
Nets remaining: 261
Finished routing net _59_
Nets remaining: 260
Keeping route for net _60_
Finished routing net _61_
Nets remaining: 258
Keeping route for net _62_
Keeping route for net _63_
Finished routing net _64_
Nets remaining: 255
Finished routing net _66_
Nets remaining: 254
Finished routing net _68_
Nets remaining: 253
Finished routing net _69_
Nets remaining: 252
Finished routing net _70_
Nets remaining: 251
Finished routing net _72_
Nets remaining: 250
Finished routing net _73_
Nets remaining: 249
Keeping route for net _74_
Finished routing net _75_
Nets remaining: 247
Finished routing net _76_
Nets remaining: 246
Finished routing net _77_
Nets remaining: 245
Keeping route for net _78_
Finished routing net _79_
Nets remaining: 243
Finished routing net _80_
Nets remaining: 242
Finished routing net _81_
Nets remaining: 241
Finished routing net _82_
Nets remaining: 240
Finished routing net _83_
Nets remaining: 239
Finished routing net _194_
Nets remaining: 238
Finished routing net _195_
Nets remaining: 237
Keeping route for net _201_
Keeping route for net _202_
Finished routing net _139_
Nets remaining: 234
Finished routing net _142_
Nets remaining: 233
Finished routing net _144_
Nets remaining: 232
Finished routing net _145_
Nets remaining: 231
Keeping route for net _148_
Finished routing net _149_
Nets remaining: 229
Finished routing net _151_
Nets remaining: 228
Keeping route for net _154_
Finished routing net _155_
Nets remaining: 226
Keeping route for net _156_
Finished routing net _157_
Nets remaining: 224
Keeping route for net _158_
Finished routing net _159_
Nets remaining: 222
Finished routing net _161_
Nets remaining: 221
Finished routing net _163_
Nets remaining: 220
Finished routing net _164_
Nets remaining: 219
Keeping route for net _166_
Finished routing net _167_
Nets remaining: 217
Keeping route for net _169_
Finished routing net _172_
Nets remaining: 215
Finished routing net _173_
Nets remaining: 214
Keeping route for net _174_
Finished routing net _175_
Nets remaining: 212
Keeping route for net _176_
Finished routing net fsm1._19_
Nets remaining: 210
Keeping route for net _128_[2]
Keeping route for net _178_
Keeping route for net _179_
Keeping route for net _180_
Finished routing net fsm1._09_[2]
Nets remaining: 205
Keeping route for net _127_[2]
Finished routing net fsm1._07_[2]
Nets remaining: 203
Finished routing net fsm1._04_[1]
Nets remaining: 202
Keeping route for net _184_
Keeping route for net _186_
Finished routing net _187_
Nets remaining: 199
Finished routing net _188_
Nets remaining: 198
Finished routing net fsm1._08_[2]
Nets remaining: 197
Finished routing net _190_
Nets remaining: 196
Finished routing net _191_
Nets remaining: 195
Finished routing net _192_
Nets remaining: 194
Finished routing net _203_
Nets remaining: 193
Finished routing net _204_
Nets remaining: 192
Finished routing net _205_
Nets remaining: 191
Finished routing net _206_
Nets remaining: 190
Keeping route for net _207_
Finished routing net _208_
Nets remaining: 188
Finished routing net _209_
Nets remaining: 187
Finished routing net _210_
Nets remaining: 186
Finished routing net _211_
Nets remaining: 185
Keeping route for net _212_
Finished routing net _213_
Nets remaining: 183
Finished routing net _214_
Nets remaining: 182
Finished routing net _215_
Nets remaining: 181
Keeping route for net _216_
Finished routing net _217_
Nets remaining: 179
Finished routing net _218_
Nets remaining: 178
Finished routing net lcd_disp.LS_HR.sound_alarm
Nets remaining: 177
Finished routing net lcd_disp.MS_HR.sound_alarm
Nets remaining: 176
Keeping route for net _219_
Finished routing net lcd_disp.MS_MIN.sound_alarm
Nets remaining: 174
Finished routing net lcd_disp.LS_MIN.sound_alarm
Nets remaining: 173
Finished routing net _220_
Nets remaining: 172
Finished routing net _223_
Nets remaining: 171
Finished routing net _224_
Nets remaining: 170
Finished routing net _225_
Nets remaining: 169
Finished routing net _226_
Nets remaining: 168
Finished routing net _227_
Nets remaining: 167
Finished routing net _228_
Nets remaining: 166
Finished routing net _229_
Nets remaining: 165
Keeping route for net _230_
Keeping route for net _231_
Keeping route for net _232_
Finished routing net _233_
Nets remaining: 161
Keeping route for net _234_
Keeping route for net _235_
Keeping route for net _236_
Keeping route for net _237_
Finished routing net _238_
Nets remaining: 156
Finished routing net _242_
Nets remaining: 155
Keeping route for net _245_
Finished routing net _246_
Nets remaining: 153
Keeping route for net _247_
Finished routing net _248_
Nets remaining: 151
Finished routing net _249_
Nets remaining: 150
Finished routing net _250_
Nets remaining: 149
Finished routing net _251_
Nets remaining: 148
Keeping route for net _252_
Keeping route for net _253_
Keeping route for net _254_
Keeping route for net _255_
Keeping route for net _256_
Keeping route for net _257_
Finished routing net _258_
Nets remaining: 141
Finished routing net _259_
Nets remaining: 140
Finished routing net _260_
Nets remaining: 139
Keeping route for net _264_
Finished routing net _267_
Nets remaining: 137
Finished routing net _268_
Nets remaining: 136
Finished routing net _269_
Nets remaining: 135
Finished routing net _270_
Nets remaining: 134
Finished routing net _271_
Nets remaining: 133
Finished routing net _272_
Nets remaining: 132
Keeping route for net _273_
Keeping route for net _274_
Keeping route for net _275_
Keeping route for net _276_
Keeping route for net _277_
Keeping route for net _278_
Keeping route for net _279_
Keeping route for net _280_
Finished routing net _281_
Nets remaining: 123
Finished routing net _282_
Nets remaining: 122
Finished routing net _286_
Nets remaining: 121
Finished routing net _289_
Nets remaining: 120
Keeping route for net _290_
Keeping route for net _291_
Finished routing net _292_
Nets remaining: 117
Finished routing net _293_
Nets remaining: 116
Finished routing net _294_
Nets remaining: 115
Finished routing net _295_
Nets remaining: 114
Keeping route for net _296_
Finished routing net _297_
Nets remaining: 112
Keeping route for net _298_
Keeping route for net _299_
Keeping route for net _300_
Finished routing net _301_
Nets remaining: 108
Keeping route for net _302_
Keeping route for net _303_
Finished routing net _304_
Nets remaining: 105
Keeping route for net _308_
Finished routing net _317_
Nets remaining: 103
Finished routing net _318_
Nets remaining: 102
Finished routing net _326_
Nets remaining: 101
Keeping route for net _327_
Finished routing net _328_
Nets remaining: 99
Finished routing net _336_
Nets remaining: 98
Finished routing net _338_
Nets remaining: 97
Keeping route for net _340_

----------------------------------------------
Progress: Stage 3 total routes completed: 4458
No failed routes!
----------------------------------------------
*** Writing DEF file alarm_clock_top_route.def
emit_routes():  DEF file has 701 nets and 2 specialnets.
but qrouter wants to write 701 nets and specialnets.
----------------------------------------------
Final: No failed routes!
----------------------------------------------
*** Writing RC file alarm_clock_top_route.rc
No driver for net fsm1._09_[2]
No driver for net fsm1._07_[2]
No driver for net fsm1._04_[1]
No driver for net fsm1._08_[2]
Running annotate.tcl antenna.out /home/khaja/Desktop/verilog/qflow/dca/dca1/dca/synthesis/alarm_clock_top.rtlnopwr.v
  /home/khaja/Desktop/verilog/qflow/dca/dca1/dca/synthesis/alarm_clock_top.spc /home/khaja/Desktop/verilog/qflow/dca/dca1/dca/synthesis/alarm_clock_top.rtlnopwr.anno.v
  /home/khaja/Desktop/verilog/qflow/dca/dca1/dca/synthesis/alarm_clock_top.anno.spc  /usr/share/qflow/tech/osu018/osu018_stdcells.sp /home/khaja/Desktop/verilog/qflow/dca/dca1/dca/synthesis/alarm_clock_top_powerground
Running annotate.tcl
found cell FILL pinlist vdd gnd
Done with annotate.tcl
Router script ended on Saturday 07 October 2023 04:30:39 PM IST
